2024/09/27 09:14:52 - AES_Enc - DEBUG - spark_import_dbName_enc_output
2024/09/27 09:14:52 - AES_Enc - DEBUG - spark_import_projName_enc_output
2024/09/27 09:14:52 - AES_Enc - DEBUG - spark_import_projID_999
2024/09/27 09:14:52 - AES_Enc - DEBUG - MAC_columns_mac:
2024/09/27 09:14:52 - AES_Enc - DEBUG - AES_columns_mac:ID
2024/09/27 09:14:52 - AES_Enc - DEBUG - onlyHash:Y
2024/09/27 09:14:52 - AES_Enc - DEBUG - spark_import_userAccount_deidadmin
2024/09/27 09:14:52 - AES_Enc - DEBUG - spark_import_userId_1
2024/09/27 09:14:52 - AES_Enc - DEBUG - spark_import_service_ip_34.81.119.49
2024/09/27 09:14:52 - AES_Enc - DEBUG - project_cert = eyJwZXRzX3NlcnZpY2VfaXAiOiAiMzQuODEuMTE5LjQ5IiwgInByb2plY3RfbmFtZSI6ICJ0dF85MjciLCAiZW5jX2tleSI6ICJEUG5GMVlIVXlHV01XSnZhNjFmcXYyL1NoR2IzS1hWUXpyOWcvd2xOWk9WclBOUUdRUmhGOTJ6bk1udFVpazhpVFI2TWN4YXo4TzNabERpWGZ5Mmdocmx0Smo2VjJFSnpxdnpqNDI1MWxhcnE0d3NhTUkzTVdPK2dUb2p3WXRqbmRkMWplb1FqQys5cytzMHhnRGxDc3JWOWE3dk5kdkdudFBpTEN1TDVzV25rdUk4a01wR1hFRmVzY011MjRjUlhabnlZS0xZMmQ5Q0lFZms4MmNwUUdmWmdDVWtmc1hHMzl4RFVtWndnamFSU1RPc3FXTTBvUjljRU9oRnJKay9tU24ydWk2K3ZSMXczYTZsbnlWMWVRaXVzT0RZaXBsUGJNQ2lSUnBzSWFSQmJBb2RzYUpEMDNrVldGNVpKU2ExRDhSMGo2VDc3RlJISFBVeWx6YnZZbkE9PSIsICJwcm9qZWN0X2ZvbGRlciI6ICJ0dF85MjciLCAiZ3JvdXBfdHlwZSI6ICJzeXMifQ==
2024/09/27 09:14:52 - AES_Enc - DEBUG - group_type = sys
2024/09/27 09:14:52 - AES_Enc - DEBUG - Mac_hashkey:DPnF1YHUyGWMWJva61fqv2/ShGb3KXVQzr9g/wlNZOVrPNQGQRhF92znMntUik8iTR6Mcxaz8O3ZlDiXfy2ghrltJj6V2EJzqvzj4251larq4wsaMI3MWO+gTojwYtjndd1jeoQjC+9s+s0xgDlCsrV9a7vNdvGntPiLCuL5sWnkuI8kMpGXEFescMu24cRXZnyYKLY2d9CIEfk82cpQGfZgCUkfsXG39xDUmZwgjaRSTOsqWM0oR9cEOhFrJk/mSn2ui6+vR1w3a6lnyV1eQiusODYiplPbMCiRRpsIaRBbAodsaJD03kVWF5ZJSa1D8R0j6T77FRHHPUylzbvYnA==
2024/09/27 09:14:52 - AES_Enc - DEBUG - AES_hashkey:DPnF1YHUyGWMWJva61fqv2/ShGb3KXVQzr9g/wlNZOVrPNQGQRhF92znMntUik8iTR6Mcxaz8O3ZlDiXfy2ghrltJj6V2EJzqvzj4251larq4wsaMI3MWO+gTojwYtjndd1jeoQjC+9s+s0xgDlCsrV9a7vNdvGntPiLCuL5sWnkuI8kMpGXEFescMu24cRXZnyYKLY2d9CIEfk82cpQGfZgCUkfsXG39xDUmZwgjaRSTOsqWM0oR9cEOhFrJk/mSn2ui6+vR1w3a6lnyV1eQiusODYiplPbMCiRRpsIaRBbAodsaJD03kVWF5ZJSa1D8R0j6T77FRHHPUylzbvYnA==
2024/09/27 09:14:52 - AES_Enc - DEBUG - AES key : DPnF1YHUyGWMWJva61fqv2/ShGb3KXVQzr9g/wlNZOVrPNQGQRhF92znMntUik8iTR6Mcxaz8O3ZlDiXfy2ghrltJj6V2EJzqvzj4251larq4wsaMI3MWO+gTojwYtjndd1jeoQjC+9s+s0xgDlCsrV9a7vNdvGntPiLCuL5sWnkuI8kMpGXEFescMu24cRXZnyYKLY2d9CIEfk82cpQGfZgCUkfsXG39xDUmZwgjaRSTOsqWM0oR9cEOhFrJk/mSn2ui6+vR1w3a6lnyV1eQiusODYiplPbMCiRRpsIaRBbAodsaJD03kVWF5ZJSa1D8R0j6T77FRHHPUylzbvYnA==
2024/09/27 09:14:52 - AES_Enc - DEBUG - Mac key : DPnF1YHUyGWMWJva61fqv2/ShGb3KXVQzr9g/wlNZOVrPNQGQRhF92znMntUik8iTR6Mcxaz8O3ZlDiXfy2ghrltJj6V2EJzqvzj4251larq4wsaMI3MWO+gTojwYtjndd1jeoQjC+9s+s0xgDlCsrV9a7vNdvGntPiLCuL5sWnkuI8kMpGXEFescMu24cRXZnyYKLY2d9CIEfk82cpQGfZgCUkfsXG39xDUmZwgjaRSTOsqWM0oR9cEOhFrJk/mSn2ui6+vR1w3a6lnyV1eQiusODYiplPbMCiRRpsIaRBbAodsaJD03kVWF5ZJSa1D8R0j6T77FRHHPUylzbvYnA==
2024/09/27 09:14:52 - AES_Enc - DEBUG - projName: tt_927
2024/09/27 09:14:52 - AES_Enc - DEBUG - project_folder: tt_927
2024/09/27 09:14:52 - AES_Enc - DEBUG - pets_service_ip : 34.81.119.49
2024/09/27 09:14:52 - AES_Enc - DEBUG - Length_error: 32 characters length.
2024/09/27 09:14:52 - AES_Enc - DEBUG - AES Password is not available.
2024/09/27 09:14:52 - AES_Enc - DEBUG - <class 'Exception'>
2024/09/27 09:14:52 - AES_Enc - DEBUG - AES Password is not available.
2024/09/27 09:14:52 - AES_Enc - DEBUG - 3
2024/09/27 09:14:52 - AES_Enc - DEBUG - error in AES_passwordCheck : AES Password is not available.
2024/09/27 09:14:52 - AES_Enc - DEBUG - errTable_errSC
2024/09/27 09:14:52 - AES_Enc - DEBUG - Mac password ok
2024/09/27 09:14:52 - AES_Enc - DEBUG - AES columns name will be maced: ['ID']
2024/09/27 09:14:52 - AES_Enc - DEBUG - MAC columns name will be maced: []
2024/09/27 09:15:09 - AES_Enc - DEBUG - cmd is echo "citcw200@" | sudo -S chown hadoop:hadoop /home/hadoop/proj_/dataMac/input/accounts_audit.csv
2024/09/27 09:15:09 - AES_Enc - DEBUG - run result is 0
2024/09/27 09:15:09 - AES_Enc - DEBUG - Input path: /home/hadoop/proj_/dataMac/input/accounts_audit.csv
2024/09/27 09:15:09 - AES_Enc - DEBUG - ----for decry----isEnc: 0
2024/09/27 09:15:09 - AES_Enc - DEBUG - ============start======================
2024/09/27 09:15:09 - AES_Enc - DEBUG - input file: /home/hadoop/proj_/dataMac/input/accounts_audit.csv
2024/09/27 09:15:09 - AES_Enc - DEBUG - MAC columns name will be maced: []
2024/09/27 09:15:09 - AES_Enc - DEBUG - AES columns name will be maced: ['ID']
2024/09/27 09:15:09 - AES_Enc - DEBUG - remove hdfs_path = /tmp/accounts_audit.csv
2024/09/27 09:15:10 - AES_Enc - DEBUG - remove hdfs file result = 
2024/09/27 09:15:10 - AES_Enc - DEBUG -  AAAAAAAAAA-accounts_audit.csv exist before , rm ok
2024/09/27 09:15:10 - AES_Enc - DEBUG - In readFrom_csv_wit_NA_Normalize
2024/09/27 09:15:10 - AES_Enc - DEBUG - path_: /home/hadoop/proj_/dataMac/input/accounts_audit.csv
2024/09/27 09:15:10 - AES_Enc - DEBUG - sep: ,
2024/09/27 09:15:10 - AES_Enc - DEBUG - BBBB hdfs_path = /tmp/accounts_audit.csv
2024/09/27 09:15:12 - AES_Enc - DEBUG - BBBBresult = 
2024/09/27 09:15:12 - AES_Enc - DEBUG - In readLocalData
2024/09/27 09:15:16 - AES_Enc - DEBUG - header valuse = ['ID', 'PAY_0', 'PAY_2', 'PAY_3', 'PAY_4', 'PAY_5', 'PAY_6', 'BILL_AMT1', 'BILL_AMT2', 'BILL_AMT3', 'BILL_AMT4', 'BILL_AMT5', 'BILL_AMT6', 'PAY_AMT1', 'PAY_AMT2', 'PAY_AMT3', 'PAY_AMT4', 'PAY_AMT5', 'PAY_AMT6', 'default_payment_next_month']
2024/09/27 09:15:18 - AES_Enc - DEBUG - In checkListQuotes header
2024/09/27 09:15:18 - AES_Enc - DEBUG - In checkListQuotes record
2024/09/27 09:15:18 - AES_Enc - DEBUG - Check headerRaw and headerTmp
2024/09/27 09:15:18 - AES_Enc - DEBUG - {'col_0': 'ID', 'col_1': 'PAY_0', 'col_2': 'PAY_2', 'col_3': 'PAY_3', 'col_4': 'PAY_4', 'col_5': 'PAY_5', 'col_6': 'PAY_6', 'col_7': 'BILL_AMT1', 'col_8': 'BILL_AMT2', 'col_9': 'BILL_AMT3', 'col_10': 'BILL_AMT4', 'col_11': 'BILL_AMT5', 'col_12': 'BILL_AMT6', 'col_13': 'PAY_AMT1', 'col_14': 'PAY_AMT2', 'col_15': 'PAY_AMT3', 'col_16': 'PAY_AMT4', 'col_17': 'PAY_AMT5', 'col_18': 'PAY_AMT6', 'col_19': 'default_payment_next_month'}
2024/09/27 09:15:18 - AES_Enc - DEBUG - ['ID', 'PAY_0', 'PAY_2', 'PAY_3', 'PAY_4', 'PAY_5', 'PAY_6', 'BILL_AMT1', 'BILL_AMT2', 'BILL_AMT3', 'BILL_AMT4', 'BILL_AMT5', 'BILL_AMT6', 'PAY_AMT1', 'PAY_AMT2', 'PAY_AMT3', 'PAY_AMT4', 'PAY_AMT5', 'PAY_AMT6', 'default_payment_next_month']
2024/09/27 09:15:18 - AES_Enc - DEBUG - ['col_0', 'col_1', 'col_2', 'col_3', 'col_4', 'col_5', 'col_6', 'col_7', 'col_8', 'col_9', 'col_10', 'col_11', 'col_12', 'col_13', 'col_14', 'col_15', 'col_16', 'col_17', 'col_18', 'col_19']
2024/09/27 09:15:18 - AES_Enc - DEBUG -  readFrom_csv OK
2024/09/27 09:15:18 - AES_Enc - DEBUG - ============start2======================
2024/09/27 09:15:18 - AES_Enc - DEBUG - ###################out udfMac table name
2024/09/27 09:15:18 - AES_Enc - DEBUG - citc____accounts_audit
2024/09/27 09:15:18 - AES_Enc - DEBUG - ###################sc.applicationId
2024/09/27 09:15:18 - AES_Enc - DEBUG - citc____application_1727428263003_0001
2024/09/27 09:15:19 - AES_Enc - DEBUG - ---++++--cols: ['col_0']
2024/09/27 09:15:19 - AES_Enc - DEBUG - ---++++--AES key_: DPnF1YHUyGWMWJva61fqv2/ShGb3KXVQzr9g/wlNZOVrPNQGQRhF92znMntUik8iTR6Mcxaz8O3ZlDiXfy2ghrltJj6V2EJzqvzj4251larq4wsaMI3MWO+gTojwYtjndd1jeoQjC+9s+s0xgDlCsrV9a7vNdvGntPiLCuL5sWnkuI8kMpGXEFescMu24cRXZnyYKLY2d9CIEfk82cpQGfZgCUkfsXG39xDUmZwgjaRSTOsqWM0oR9cEOhFrJk/mSn2ui6+vR1w3a6lnyV1eQiusODYiplPbMCiRRpsIaRBbAodsaJD03kVWF5ZJSa1D8R0j6T77FRHHPUylzbvYnA==
2024/09/27 09:15:19 - AES_Enc - DEBUG - ---++++--isEnc: 0
2024/09/27 09:15:19 - AES_Enc - DEBUG - ---++++--MAC cols: []
2024/09/27 09:15:19 - AES_Enc - DEBUG - ---++++--MAC key_: DPnF1YHUyGWMWJva61fqv2/ShGb3KXVQzr9g/wlNZOVrPNQGQRhF92znMntUik8iTR6Mcxaz8O3ZlDiXfy2ghrltJj6V2EJzqvzj4251larq4wsaMI3MWO+gTojwYtjndd1jeoQjC+9s+s0xgDlCsrV9a7vNdvGntPiLCuL5sWnkuI8kMpGXEFescMu24cRXZnyYKLY2d9CIEfk82cpQGfZgCUkfsXG39xDUmZwgjaRSTOsqWM0oR9cEOhFrJk/mSn2ui6+vR1w3a6lnyV1eQiusODYiplPbMCiRRpsIaRBbAodsaJD03kVWF5ZJSa1D8R0j6T77FRHHPUylzbvYnA==
2024/09/27 09:15:19 - AES_Enc - DEBUG - enter
2024/09/27 09:15:19 - AES_Enc - DEBUG - enter
2024/09/27 09:15:19 - AES_Enc - DEBUG - in udfMacCols
2024/09/27 09:15:19 - AES_Enc - DEBUG - col finishy
2024/09/27 09:15:19 - AES_Enc - DEBUG - AES and MAC = ['col_0'] []
2024/09/27 09:15:19 - AES_Enc - DEBUG - col name before
2024/09/27 09:15:19 - AES_Enc - DEBUG - MAC_KEY = DPnF1YHUyGWMWJva61fqv2/ShGb3KXVQzr9g/wlNZOVrPNQGQRhF92znMntUik8iTR6Mcxaz8O3ZlDiXfy2ghrltJj6V2EJzqvzj4251larq4wsaMI3MWO+gTojwYtjndd1jeoQjC+9s+s0xgDlCsrV9a7vNdvGntPiLCuL5sWnkuI8kMpGXEFescMu24cRXZnyYKLY2d9CIEfk82cpQGfZgCUkfsXG39xDUmZwgjaRSTOsqWM0oR9cEOhFrJk/mSn2ui6+vR1w3a6lnyV1eQiusODYiplPbMCiRRpsIaRBbAodsaJD03kVWF5ZJSa1D8R0j6T77FRHHPUylzbvYnA==
2024/09/27 09:15:19 - AES_Enc - DEBUG - df3 head =['col_0', 'col_1', 'col_2', 'col_3', 'col_4', 'col_5', 'col_6', 'col_7', 'col_8', 'col_9', 'col_10', 'col_11', 'col_12', 'col_13', 'col_14', 'col_15', 'col_16', 'col_17', 'col_18', 'col_19']
2024/09/27 09:15:19 - AES_Enc - DEBUG - before extend
2024/09/27 09:15:19 - AES_Enc - DEBUG - ['col_0']
2024/09/27 09:15:20 - AES_Enc - DEBUG - before tmpList
2024/09/27 09:15:20 - AES_Enc - DEBUG - after tmpList
2024/09/27 09:15:20 - AES_Enc - DEBUG - finish
2024/09/27 09:15:20 - AES_Enc - DEBUG - ---2--dataHash: Y
2024/09/27 09:15:20 - AES_Enc - DEBUG - ---2--onlyHash: Y
2024/09/27 09:15:20 - AES_Enc - DEBUG - ---33333--tableName_: sys_accounts_audit
2024/09/27 09:15:20 - AES_Enc - DEBUG - Output path: /home/hadoop/proj_/dataMac/output
2024/09/27 09:15:20 - AES_Enc - DEBUG - header : ['col_0', 'col_1', 'col_2', 'col_3', 'col_4', 'col_5', 'col_6', 'col_7', 'col_8', 'col_9', 'col_10', 'col_11', 'col_12', 'col_13', 'col_14', 'col_15', 'col_16', 'col_17', 'col_18', 'col_19']
2024/09/27 09:15:32 - AES_Enc - DEBUG - export data succeed.
2024/09/27 09:15:32 - AES_Enc - DEBUG - column name: ID
2024/09/27 09:15:39 - AES_Enc - DEBUG - anormal count: 0 normal count: 30000 total count: 30000
2024/09/27 09:15:39 - AES_Enc - DEBUG - out_json: {'enc_key': 'DPnF1YHUyGWMWJva61fqv2/ShGb3KXVQzr9g/wlNZOVrPNQGQRhF92znMntUik8iTR6Mcxaz8O3ZlDiXfy2ghrltJj6V2EJzqvzj4251larq4wsaMI3MWO+gTojwYtjndd1jeoQjC+9s+s0xgDlCsrV9a7vNdvGntPiLCuL5sWnkuI8kMpGXEFescMu24cRXZnyYKLY2d9CIEfk82cpQGfZgCUkfsXG39xDUmZwgjaRSTOsqWM0oR9cEOhFrJk/mSn2ui6+vR1w3a6lnyV1eQiusODYiplPbMCiRRpsIaRBbAodsaJD03kVWF5ZJSa1D8R0j6T77FRHHPUylzbvYnA==,DPnF1YHUyGWMWJva61fqv2/ShGb3KXVQzr9g/wlNZOVrPNQGQRhF92znMntUik8iTR6Mcxaz8O3ZlDiXfy2ghrltJj6V2EJzqvzj4251larq4wsaMI3MWO+gTojwYtjndd1jeoQjC+9s+s0xgDlCsrV9a7vNdvGntPiLCuL5sWnkuI8kMpGXEFescMu24cRXZnyYKLY2d9CIEfk82cpQGfZgCUkfsXG39xDUmZwgjaRSTOsqWM0oR9cEOhFrJk/mSn2ui6+vR1w3a6lnyV1eQiusODYiplPbMCiRRpsIaRBbAodsaJD03kVWF5ZJSa1D8R0j6T77FRHHPUylzbvYnA==', 'col_name': 'ID,PAY_0,PAY_2,PAY_3,PAY_4,PAY_5,PAY_6,BILL_AMT1,BILL_AMT2,BILL_AMT3,BILL_AMT4,BILL_AMT5,BILL_AMT6,PAY_AMT1,PAY_AMT2,PAY_AMT3,PAY_AMT4,PAY_AMT5,PAY_AMT6,default_payment_next_month', 'col_setting': 'AES,No_setting,No_setting,No_setting,No_setting,No_setting,No_setting,No_setting,No_setting,No_setting,No_setting,No_setting,No_setting,No_setting,No_setting,No_setting,No_setting,No_setting,No_setting,No_setting', 'enc_datasetname': 'sys_accounts_audit.csv', 'ds_count': '30000'}
2024/09/27 09:15:39 - AES_Enc - DEBUG - ============end=======================/home/hadoop/proj_/dataMac/output/tt_927
2024/09/27 09:15:39 - AES_Enc - DEBUG - remove hdfs_path = /tmp/accounts_audit.csv
2024/09/27 09:15:40 - AES_Enc - DEBUG - remove hdfs file result = b'24/09/27 09:15:40 INFO fs.TrashPolicyDefault: Namenode trash configuration: Deletion interval = 0 minutes, Emptier interval = 0 minutes.\n'
2024/09/27 09:15:40 - AES_Enc - DEBUG -  AAAAAAAAAA-accounts_audit.csv rm ok
2024/09/27 09:15:40 - AES_Enc - DEBUG - itri-pedsa
2024/09/27 09:15:40 - AES_Enc - DEBUG - /home/itri-pedsa/pedsa_s/pets_service/sftp_upload_folder
2024/09/27 09:15:40 - AES_Enc - DEBUG - %%%%%%%%%%%%%%%%%%
2024/09/27 09:15:40 - AES_Enc - DEBUG - ============cmd_send=======================
2024/09/27 09:15:40 - AES_Enc - DEBUG - cmd_send:scp -i /home/hadoop/proj_/longTaskDir/sftp_keys/sftp_key.pem -P 22 -r /home/hadoop/proj_/dataMac/output/tt_927 itri-pedsa@34.81.119.49:/home/itri-pedsa/pedsa_s/pets_service/sftp_upload_folder
2024/09/27 09:15:40 - AES_Enc - DEBUG - mod_str:chmod 755 /home/itri-pedsa/pedsa_s/pets_service/sftp_upload_folder/tt_927
2024/09/27 09:15:40 - AES_Enc - DEBUG - ============ cmd_chmod =======================
2024/09/27 09:15:40 - AES_Enc - DEBUG - cmd_chmod:ssh -i /home/hadoop/proj_/longTaskDir/sftp_keys/sftp_key.pem itri-pedsa@34.81.119.49 'chmod 755 /home/itri-pedsa/pedsa_s/pets_service/sftp_upload_folder/tt_927'
2024/09/27 09:15:41 - AES_Enc - DEBUG - b''
2024/09/27 09:15:41 - AES_Enc - DEBUG - b"Warning: Permanently added '34.81.119.49' (ED25519) to the list of known hosts.\r\nchmod: cannot access '/home/itri-pedsa/pedsa_s/pets_service/sftp_upload_folder/tt_927': No such file or directory\n"
2024/09/27 09:15:42 - AES_Enc - DEBUG - b''
2024/09/27 09:15:42 - AES_Enc - DEBUG - b"Warning: Permanently added '34.81.119.49' (ED25519) to the list of known hosts.\r\n"
2024/09/27 09:15:42 - AES_Enc - DEBUG - ============AES_Enc end=======================
2024/09/27 09:15:42 - AES_Enc - DEBUG - insert T_Pets_ProjectStatus fail: errTable: Insert to PetsService.T_Pets_ProjectStatus fail: (1452, 'Cannot add or update a child row: a foreign key constraint fails (`PetsService`.`T_Pets_ProjectStatus`, CONSTRAINT `T_Pets_ProjectStatus_ibfk_1` FOREIGN KEY (`project_id`) REFERENCES `T_Pets_Project` (`project_id`))')
2024/09/27 09:18:47 - AES_Enc - DEBUG - spark_import_dbName_enc_output
2024/09/27 09:18:47 - AES_Enc - DEBUG - spark_import_projName_enc_output
2024/09/27 09:18:47 - AES_Enc - DEBUG - spark_import_projID_999
2024/09/27 09:18:47 - AES_Enc - DEBUG - MAC_columns_mac:
2024/09/27 09:18:47 - AES_Enc - DEBUG - AES_columns_mac:ID
2024/09/27 09:18:47 - AES_Enc - DEBUG - onlyHash:Y
2024/09/27 09:18:47 - AES_Enc - DEBUG - spark_import_userAccount_deidadmin
2024/09/27 09:18:47 - AES_Enc - DEBUG - spark_import_userId_1
2024/09/27 09:18:47 - AES_Enc - DEBUG - spark_import_service_ip_34.81.119.49
2024/09/27 09:18:47 - AES_Enc - DEBUG - project_cert = eyJwZXRzX3NlcnZpY2VfaXAiOiAiMzQuODEuMTE5LjQ5IiwgInByb2plY3RfbmFtZSI6ICJ0dF85MjciLCAiZW5jX2tleSI6ICJEUG5GMVlIVXlHV01XSnZhNjFmcXYyL1NoR2IzS1hWUXpyOWcvd2xOWk9WclBOUUdRUmhGOTJ6bk1udFVpazhpVFI2TWN4YXo4TzNabERpWGZ5Mmdocmx0Smo2VjJFSnpxdnpqNDI1MWxhcnE0d3NhTUkzTVdPK2dUb2p3WXRqbmRkMWplb1FqQys5cytzMHhnRGxDc3JWOWE3dk5kdkdudFBpTEN1TDVzV25rdUk4a01wR1hFRmVzY011MjRjUlhabnlZS0xZMmQ5Q0lFZms4MmNwUUdmWmdDVWtmc1hHMzl4RFVtWndnamFSU1RPc3FXTTBvUjljRU9oRnJKay9tU24ydWk2K3ZSMXczYTZsbnlWMWVRaXVzT0RZaXBsUGJNQ2lSUnBzSWFSQmJBb2RzYUpEMDNrVldGNVpKU2ExRDhSMGo2VDc3RlJISFBVeWx6YnZZbkE9PSIsICJwcm9qZWN0X2ZvbGRlciI6ICJ0dF85MjciLCAiZ3JvdXBfdHlwZSI6ICJzeXMifQ==
2024/09/27 09:18:47 - AES_Enc - DEBUG - group_type = sys
2024/09/27 09:18:47 - AES_Enc - DEBUG - Mac_hashkey:DPnF1YHUyGWMWJva61fqv2/ShGb3KXVQzr9g/wlNZOVrPNQGQRhF92znMntUik8iTR6Mcxaz8O3ZlDiXfy2ghrltJj6V2EJzqvzj4251larq4wsaMI3MWO+gTojwYtjndd1jeoQjC+9s+s0xgDlCsrV9a7vNdvGntPiLCuL5sWnkuI8kMpGXEFescMu24cRXZnyYKLY2d9CIEfk82cpQGfZgCUkfsXG39xDUmZwgjaRSTOsqWM0oR9cEOhFrJk/mSn2ui6+vR1w3a6lnyV1eQiusODYiplPbMCiRRpsIaRBbAodsaJD03kVWF5ZJSa1D8R0j6T77FRHHPUylzbvYnA==
2024/09/27 09:18:47 - AES_Enc - DEBUG - AES_hashkey:DPnF1YHUyGWMWJva61fqv2/ShGb3KXVQzr9g/wlNZOVrPNQGQRhF92znMntUik8iTR6Mcxaz8O3ZlDiXfy2ghrltJj6V2EJzqvzj4251larq4wsaMI3MWO+gTojwYtjndd1jeoQjC+9s+s0xgDlCsrV9a7vNdvGntPiLCuL5sWnkuI8kMpGXEFescMu24cRXZnyYKLY2d9CIEfk82cpQGfZgCUkfsXG39xDUmZwgjaRSTOsqWM0oR9cEOhFrJk/mSn2ui6+vR1w3a6lnyV1eQiusODYiplPbMCiRRpsIaRBbAodsaJD03kVWF5ZJSa1D8R0j6T77FRHHPUylzbvYnA==
2024/09/27 09:18:47 - AES_Enc - DEBUG - AES key : DPnF1YHUyGWMWJva61fqv2/ShGb3KXVQzr9g/wlNZOVrPNQGQRhF92znMntUik8iTR6Mcxaz8O3ZlDiXfy2ghrltJj6V2EJzqvzj4251larq4wsaMI3MWO+gTojwYtjndd1jeoQjC+9s+s0xgDlCsrV9a7vNdvGntPiLCuL5sWnkuI8kMpGXEFescMu24cRXZnyYKLY2d9CIEfk82cpQGfZgCUkfsXG39xDUmZwgjaRSTOsqWM0oR9cEOhFrJk/mSn2ui6+vR1w3a6lnyV1eQiusODYiplPbMCiRRpsIaRBbAodsaJD03kVWF5ZJSa1D8R0j6T77FRHHPUylzbvYnA==
2024/09/27 09:18:47 - AES_Enc - DEBUG - Mac key : DPnF1YHUyGWMWJva61fqv2/ShGb3KXVQzr9g/wlNZOVrPNQGQRhF92znMntUik8iTR6Mcxaz8O3ZlDiXfy2ghrltJj6V2EJzqvzj4251larq4wsaMI3MWO+gTojwYtjndd1jeoQjC+9s+s0xgDlCsrV9a7vNdvGntPiLCuL5sWnkuI8kMpGXEFescMu24cRXZnyYKLY2d9CIEfk82cpQGfZgCUkfsXG39xDUmZwgjaRSTOsqWM0oR9cEOhFrJk/mSn2ui6+vR1w3a6lnyV1eQiusODYiplPbMCiRRpsIaRBbAodsaJD03kVWF5ZJSa1D8R0j6T77FRHHPUylzbvYnA==
2024/09/27 09:18:47 - AES_Enc - DEBUG - projName: tt_927
2024/09/27 09:18:47 - AES_Enc - DEBUG - project_folder: tt_927
2024/09/27 09:18:47 - AES_Enc - DEBUG - pets_service_ip : 34.81.119.49
2024/09/27 09:18:47 - AES_Enc - DEBUG - Length_error: 32 characters length.
2024/09/27 09:18:47 - AES_Enc - DEBUG - AES Password is not available.
2024/09/27 09:18:47 - AES_Enc - DEBUG - <class 'Exception'>
2024/09/27 09:18:47 - AES_Enc - DEBUG - AES Password is not available.
2024/09/27 09:18:47 - AES_Enc - DEBUG - 3
2024/09/27 09:18:47 - AES_Enc - DEBUG - error in AES_passwordCheck : AES Password is not available.
2024/09/27 09:18:47 - AES_Enc - DEBUG - errTable_errSC
2024/09/27 09:18:47 - AES_Enc - DEBUG - Mac password ok
2024/09/27 09:18:47 - AES_Enc - DEBUG - AES columns name will be maced: ['ID']
2024/09/27 09:18:47 - AES_Enc - DEBUG - MAC columns name will be maced: []
2024/09/27 09:19:02 - AES_Enc - DEBUG - cmd is echo "citcw200@" | sudo -S chown hadoop:hadoop /home/hadoop/proj_/dataMac/input/customer_info.csv
2024/09/27 09:19:02 - AES_Enc - DEBUG - run result is 0
2024/09/27 09:19:02 - AES_Enc - DEBUG - Input path: /home/hadoop/proj_/dataMac/input/customer_info.csv
2024/09/27 09:19:02 - AES_Enc - DEBUG - ----for decry----isEnc: 0
2024/09/27 09:19:02 - AES_Enc - DEBUG - ============start======================
2024/09/27 09:19:02 - AES_Enc - DEBUG - input file: /home/hadoop/proj_/dataMac/input/customer_info.csv
2024/09/27 09:19:02 - AES_Enc - DEBUG - MAC columns name will be maced: []
2024/09/27 09:19:02 - AES_Enc - DEBUG - AES columns name will be maced: ['ID']
2024/09/27 09:19:02 - AES_Enc - DEBUG - remove hdfs_path = /tmp/customer_info.csv
2024/09/27 09:19:04 - AES_Enc - DEBUG - remove hdfs file result = 
2024/09/27 09:19:04 - AES_Enc - DEBUG -  AAAAAAAAAA-customer_info.csv exist before , rm ok
2024/09/27 09:19:04 - AES_Enc - DEBUG - In readFrom_csv_wit_NA_Normalize
2024/09/27 09:19:04 - AES_Enc - DEBUG - path_: /home/hadoop/proj_/dataMac/input/customer_info.csv
2024/09/27 09:19:04 - AES_Enc - DEBUG - sep: ,
2024/09/27 09:19:04 - AES_Enc - DEBUG - BBBB hdfs_path = /tmp/customer_info.csv
2024/09/27 09:19:06 - AES_Enc - DEBUG - BBBBresult = 
2024/09/27 09:19:06 - AES_Enc - DEBUG - In readLocalData
2024/09/27 09:19:10 - AES_Enc - DEBUG - header valuse = ['ID', 'LIMIT_BAL', 'SEX', 'EDUCATION', 'MARRIAGE', 'AGE']
2024/09/27 09:19:11 - AES_Enc - DEBUG - In checkListQuotes header
2024/09/27 09:19:11 - AES_Enc - DEBUG - In checkListQuotes record
2024/09/27 09:19:11 - AES_Enc - DEBUG - Check headerRaw and headerTmp
2024/09/27 09:19:11 - AES_Enc - DEBUG - {'col_0': 'ID', 'col_1': 'LIMIT_BAL', 'col_2': 'SEX', 'col_3': 'EDUCATION', 'col_4': 'MARRIAGE', 'col_5': 'AGE'}
2024/09/27 09:19:11 - AES_Enc - DEBUG - ['ID', 'LIMIT_BAL', 'SEX', 'EDUCATION', 'MARRIAGE', 'AGE']
2024/09/27 09:19:11 - AES_Enc - DEBUG - ['col_0', 'col_1', 'col_2', 'col_3', 'col_4', 'col_5']
2024/09/27 09:19:11 - AES_Enc - DEBUG -  readFrom_csv OK
2024/09/27 09:19:11 - AES_Enc - DEBUG - ============start2======================
2024/09/27 09:19:11 - AES_Enc - DEBUG - ###################out udfMac table name
2024/09/27 09:19:11 - AES_Enc - DEBUG - citc____customer_info
2024/09/27 09:19:11 - AES_Enc - DEBUG - ###################sc.applicationId
2024/09/27 09:19:11 - AES_Enc - DEBUG - citc____application_1727428263003_0002
2024/09/27 09:19:12 - AES_Enc - DEBUG - ---++++--cols: ['col_0']
2024/09/27 09:19:12 - AES_Enc - DEBUG - ---++++--AES key_: DPnF1YHUyGWMWJva61fqv2/ShGb3KXVQzr9g/wlNZOVrPNQGQRhF92znMntUik8iTR6Mcxaz8O3ZlDiXfy2ghrltJj6V2EJzqvzj4251larq4wsaMI3MWO+gTojwYtjndd1jeoQjC+9s+s0xgDlCsrV9a7vNdvGntPiLCuL5sWnkuI8kMpGXEFescMu24cRXZnyYKLY2d9CIEfk82cpQGfZgCUkfsXG39xDUmZwgjaRSTOsqWM0oR9cEOhFrJk/mSn2ui6+vR1w3a6lnyV1eQiusODYiplPbMCiRRpsIaRBbAodsaJD03kVWF5ZJSa1D8R0j6T77FRHHPUylzbvYnA==
2024/09/27 09:19:12 - AES_Enc - DEBUG - ---++++--isEnc: 0
2024/09/27 09:19:12 - AES_Enc - DEBUG - ---++++--MAC cols: []
2024/09/27 09:19:12 - AES_Enc - DEBUG - ---++++--MAC key_: DPnF1YHUyGWMWJva61fqv2/ShGb3KXVQzr9g/wlNZOVrPNQGQRhF92znMntUik8iTR6Mcxaz8O3ZlDiXfy2ghrltJj6V2EJzqvzj4251larq4wsaMI3MWO+gTojwYtjndd1jeoQjC+9s+s0xgDlCsrV9a7vNdvGntPiLCuL5sWnkuI8kMpGXEFescMu24cRXZnyYKLY2d9CIEfk82cpQGfZgCUkfsXG39xDUmZwgjaRSTOsqWM0oR9cEOhFrJk/mSn2ui6+vR1w3a6lnyV1eQiusODYiplPbMCiRRpsIaRBbAodsaJD03kVWF5ZJSa1D8R0j6T77FRHHPUylzbvYnA==
2024/09/27 09:19:12 - AES_Enc - DEBUG - enter
2024/09/27 09:19:12 - AES_Enc - DEBUG - enter
2024/09/27 09:19:12 - AES_Enc - DEBUG - in udfMacCols
2024/09/27 09:19:12 - AES_Enc - DEBUG - col finishy
2024/09/27 09:19:12 - AES_Enc - DEBUG - AES and MAC = ['col_0'] []
2024/09/27 09:19:12 - AES_Enc - DEBUG - col name before
2024/09/27 09:19:12 - AES_Enc - DEBUG - MAC_KEY = DPnF1YHUyGWMWJva61fqv2/ShGb3KXVQzr9g/wlNZOVrPNQGQRhF92znMntUik8iTR6Mcxaz8O3ZlDiXfy2ghrltJj6V2EJzqvzj4251larq4wsaMI3MWO+gTojwYtjndd1jeoQjC+9s+s0xgDlCsrV9a7vNdvGntPiLCuL5sWnkuI8kMpGXEFescMu24cRXZnyYKLY2d9CIEfk82cpQGfZgCUkfsXG39xDUmZwgjaRSTOsqWM0oR9cEOhFrJk/mSn2ui6+vR1w3a6lnyV1eQiusODYiplPbMCiRRpsIaRBbAodsaJD03kVWF5ZJSa1D8R0j6T77FRHHPUylzbvYnA==
2024/09/27 09:19:12 - AES_Enc - DEBUG - df3 head =['col_0', 'col_1', 'col_2', 'col_3', 'col_4', 'col_5']
2024/09/27 09:19:12 - AES_Enc - DEBUG - before extend
2024/09/27 09:19:12 - AES_Enc - DEBUG - ['col_0']
2024/09/27 09:19:12 - AES_Enc - DEBUG - before tmpList
2024/09/27 09:19:12 - AES_Enc - DEBUG - after tmpList
2024/09/27 09:19:13 - AES_Enc - DEBUG - finish
2024/09/27 09:19:13 - AES_Enc - DEBUG - ---2--dataHash: Y
2024/09/27 09:19:13 - AES_Enc - DEBUG - ---2--onlyHash: Y
2024/09/27 09:19:13 - AES_Enc - DEBUG - ---33333--tableName_: sys_customer_info
2024/09/27 09:19:13 - AES_Enc - DEBUG - Output path: /home/hadoop/proj_/dataMac/output
2024/09/27 09:19:13 - AES_Enc - DEBUG - header : ['col_0', 'col_1', 'col_2', 'col_3', 'col_4', 'col_5']
2024/09/27 09:19:25 - AES_Enc - DEBUG - export data succeed.
2024/09/27 09:19:25 - AES_Enc - DEBUG - column name: ID
2024/09/27 09:19:31 - AES_Enc - DEBUG - anormal count: 0 normal count: 30000 total count: 30000
2024/09/27 09:19:31 - AES_Enc - DEBUG - out_json: {'enc_key': 'DPnF1YHUyGWMWJva61fqv2/ShGb3KXVQzr9g/wlNZOVrPNQGQRhF92znMntUik8iTR6Mcxaz8O3ZlDiXfy2ghrltJj6V2EJzqvzj4251larq4wsaMI3MWO+gTojwYtjndd1jeoQjC+9s+s0xgDlCsrV9a7vNdvGntPiLCuL5sWnkuI8kMpGXEFescMu24cRXZnyYKLY2d9CIEfk82cpQGfZgCUkfsXG39xDUmZwgjaRSTOsqWM0oR9cEOhFrJk/mSn2ui6+vR1w3a6lnyV1eQiusODYiplPbMCiRRpsIaRBbAodsaJD03kVWF5ZJSa1D8R0j6T77FRHHPUylzbvYnA==,DPnF1YHUyGWMWJva61fqv2/ShGb3KXVQzr9g/wlNZOVrPNQGQRhF92znMntUik8iTR6Mcxaz8O3ZlDiXfy2ghrltJj6V2EJzqvzj4251larq4wsaMI3MWO+gTojwYtjndd1jeoQjC+9s+s0xgDlCsrV9a7vNdvGntPiLCuL5sWnkuI8kMpGXEFescMu24cRXZnyYKLY2d9CIEfk82cpQGfZgCUkfsXG39xDUmZwgjaRSTOsqWM0oR9cEOhFrJk/mSn2ui6+vR1w3a6lnyV1eQiusODYiplPbMCiRRpsIaRBbAodsaJD03kVWF5ZJSa1D8R0j6T77FRHHPUylzbvYnA==', 'col_name': 'ID,LIMIT_BAL,SEX,EDUCATION,MARRIAGE,AGE', 'col_setting': 'AES,No_setting,No_setting,No_setting,No_setting,No_setting', 'enc_datasetname': 'sys_customer_info.csv', 'ds_count': '30000'}
2024/09/27 09:19:31 - AES_Enc - DEBUG - ============end=======================/home/hadoop/proj_/dataMac/output/tt_927
2024/09/27 09:19:31 - AES_Enc - DEBUG - remove hdfs_path = /tmp/customer_info.csv
2024/09/27 09:19:32 - AES_Enc - DEBUG - remove hdfs file result = b'24/09/27 09:19:32 INFO fs.TrashPolicyDefault: Namenode trash configuration: Deletion interval = 0 minutes, Emptier interval = 0 minutes.\n'
2024/09/27 09:19:32 - AES_Enc - DEBUG -  AAAAAAAAAA-customer_info.csv rm ok
2024/09/27 09:19:32 - AES_Enc - DEBUG - itri-pedsa
2024/09/27 09:19:32 - AES_Enc - DEBUG - /home/itri-pedsa/pedsa_s/pets_service/sftp_upload_folder
2024/09/27 09:19:32 - AES_Enc - DEBUG - %%%%%%%%%%%%%%%%%%
2024/09/27 09:19:32 - AES_Enc - DEBUG - ============cmd_send=======================
2024/09/27 09:19:32 - AES_Enc - DEBUG - cmd_send:scp -i /home/hadoop/proj_/longTaskDir/sftp_keys/sftp_key.pem -P 22 -r /home/hadoop/proj_/dataMac/output/tt_927 itri-pedsa@34.81.119.49:/home/itri-pedsa/pedsa_s/pets_service/sftp_upload_folder
2024/09/27 09:19:32 - AES_Enc - DEBUG - mod_str:chmod 755 /home/itri-pedsa/pedsa_s/pets_service/sftp_upload_folder/tt_927
2024/09/27 09:19:32 - AES_Enc - DEBUG - ============ cmd_chmod =======================
2024/09/27 09:19:32 - AES_Enc - DEBUG - cmd_chmod:ssh -i /home/hadoop/proj_/longTaskDir/sftp_keys/sftp_key.pem itri-pedsa@34.81.119.49 'chmod 755 /home/itri-pedsa/pedsa_s/pets_service/sftp_upload_folder/tt_927'
2024/09/27 09:19:33 - AES_Enc - DEBUG - b''
2024/09/27 09:19:33 - AES_Enc - DEBUG - b"Warning: Permanently added '34.81.119.49' (ED25519) to the list of known hosts.\r\n"
2024/09/27 09:19:33 - AES_Enc - DEBUG - b''
2024/09/27 09:19:33 - AES_Enc - DEBUG - b"Warning: Permanently added '34.81.119.49' (ED25519) to the list of known hosts.\r\n"
2024/09/27 09:19:33 - AES_Enc - DEBUG - ============AES_Enc end=======================
2024/09/27 09:19:33 - AES_Enc - DEBUG - insert T_Pets_ProjectStatus fail: errTable: Insert to PetsService.T_Pets_ProjectStatus fail: (1452, 'Cannot add or update a child row: a foreign key constraint fails (`PetsService`.`T_Pets_ProjectStatus`, CONSTRAINT `T_Pets_ProjectStatus_ibfk_1` FOREIGN KEY (`project_id`) REFERENCES `T_Pets_Project` (`project_id`))')
2024/09/27 09:40:40 - AES_Enc - DEBUG - spark_import_dbName_enc_output
2024/09/27 09:40:40 - AES_Enc - DEBUG - spark_import_projName_enc_output
2024/09/27 09:40:40 - AES_Enc - DEBUG - spark_import_projID_999
2024/09/27 09:40:40 - AES_Enc - DEBUG - MAC_columns_mac:
2024/09/27 09:40:40 - AES_Enc - DEBUG - AES_columns_mac:ID
2024/09/27 09:40:40 - AES_Enc - DEBUG - onlyHash:Y
2024/09/27 09:40:40 - AES_Enc - DEBUG - spark_import_userAccount_deidadmin
2024/09/27 09:40:40 - AES_Enc - DEBUG - spark_import_userId_1
2024/09/27 09:40:40 - AES_Enc - DEBUG - spark_import_service_ip_34.81.119.49
2024/09/27 09:40:40 - AES_Enc - DEBUG - project_cert = eyJwZXRzX3NlcnZpY2VfaXAiOiAiMzQuODEuMTE5LjQ5IiwgInByb2plY3RfbmFtZSI6ICJ0dF85MjciLCAiZW5jX2tleSI6ICJEUG5GMVlIVXlHV01XSnZhNjFmcXYyL1NoR2IzS1hWUXpyOWcvd2xOWk9WclBOUUdRUmhGOTJ6bk1udFVpazhpVFI2TWN4YXo4TzNabERpWGZ5Mmdocmx0Smo2VjJFSnpxdnpqNDI1MWxhcnE0d3NhTUkzTVdPK2dUb2p3WXRqbmRkMWplb1FqQys5cytzMHhnRGxDc3JWOWE3dk5kdkdudFBpTEN1TDVzV25rdUk4a01wR1hFRmVzY011MjRjUlhabnlZS0xZMmQ5Q0lFZms4MmNwUUdmWmdDVWtmc1hHMzl4RFVtWndnamFSU1RPc3FXTTBvUjljRU9oRnJKay9tU24ydWk2K3ZSMXczYTZsbnlWMWVRaXVzT0RZaXBsUGJNQ2lSUnBzSWFSQmJBb2RzYUpEMDNrVldGNVpKU2ExRDhSMGo2VDc3RlJISFBVeWx6YnZZbkE9PSIsICJwcm9qZWN0X2ZvbGRlciI6ICJ0dF85MjciLCAiZ3JvdXBfdHlwZSI6ICJzeXMifQ==
2024/09/27 09:40:40 - AES_Enc - DEBUG - group_type = sys
2024/09/27 09:40:40 - AES_Enc - DEBUG - Mac_hashkey:DPnF1YHUyGWMWJva61fqv2/ShGb3KXVQzr9g/wlNZOVrPNQGQRhF92znMntUik8iTR6Mcxaz8O3ZlDiXfy2ghrltJj6V2EJzqvzj4251larq4wsaMI3MWO+gTojwYtjndd1jeoQjC+9s+s0xgDlCsrV9a7vNdvGntPiLCuL5sWnkuI8kMpGXEFescMu24cRXZnyYKLY2d9CIEfk82cpQGfZgCUkfsXG39xDUmZwgjaRSTOsqWM0oR9cEOhFrJk/mSn2ui6+vR1w3a6lnyV1eQiusODYiplPbMCiRRpsIaRBbAodsaJD03kVWF5ZJSa1D8R0j6T77FRHHPUylzbvYnA==
2024/09/27 09:40:40 - AES_Enc - DEBUG - AES_hashkey:DPnF1YHUyGWMWJva61fqv2/ShGb3KXVQzr9g/wlNZOVrPNQGQRhF92znMntUik8iTR6Mcxaz8O3ZlDiXfy2ghrltJj6V2EJzqvzj4251larq4wsaMI3MWO+gTojwYtjndd1jeoQjC+9s+s0xgDlCsrV9a7vNdvGntPiLCuL5sWnkuI8kMpGXEFescMu24cRXZnyYKLY2d9CIEfk82cpQGfZgCUkfsXG39xDUmZwgjaRSTOsqWM0oR9cEOhFrJk/mSn2ui6+vR1w3a6lnyV1eQiusODYiplPbMCiRRpsIaRBbAodsaJD03kVWF5ZJSa1D8R0j6T77FRHHPUylzbvYnA==
2024/09/27 09:40:40 - AES_Enc - DEBUG - error in dec : Encryption/decryption failed.
2024/09/27 09:40:40 - AES_Enc - DEBUG - err_dec
2024/09/27 09:40:40 - AES_Enc - DEBUG - dec AES key : DPnF1YHUyGWMWJva61fqv2/ShGb3KXVQzr9g/wlNZOVrPNQGQRhF92znMntUik8iTR6Mcxaz8O3ZlDiXfy2ghrltJj6V2EJzqvzj4251larq4wsaMI3MWO+gTojwYtjndd1jeoQjC+9s+s0xgDlCsrV9a7vNdvGntPiLCuL5sWnkuI8kMpGXEFescMu24cRXZnyYKLY2d9CIEfk82cpQGfZgCUkfsXG39xDUmZwgjaRSTOsqWM0oR9cEOhFrJk/mSn2ui6+vR1w3a6lnyV1eQiusODYiplPbMCiRRpsIaRBbAodsaJD03kVWF5ZJSa1D8R0j6T77FRHHPUylzbvYnA==
2024/09/27 09:40:40 - AES_Enc - DEBUG - dec Mac key : DPnF1YHUyGWMWJva61fqv2/ShGb3KXVQzr9g/wlNZOVrPNQGQRhF92znMntUik8iTR6Mcxaz8O3ZlDiXfy2ghrltJj6V2EJzqvzj4251larq4wsaMI3MWO+gTojwYtjndd1jeoQjC+9s+s0xgDlCsrV9a7vNdvGntPiLCuL5sWnkuI8kMpGXEFescMu24cRXZnyYKLY2d9CIEfk82cpQGfZgCUkfsXG39xDUmZwgjaRSTOsqWM0oR9cEOhFrJk/mSn2ui6+vR1w3a6lnyV1eQiusODYiplPbMCiRRpsIaRBbAodsaJD03kVWF5ZJSa1D8R0j6T77FRHHPUylzbvYnA==
2024/09/27 09:40:40 - AES_Enc - DEBUG - projName: tt_927
2024/09/27 09:40:40 - AES_Enc - DEBUG - project_folder: tt_927
2024/09/27 09:40:40 - AES_Enc - DEBUG - pets_service_ip : 34.81.119.49
2024/09/27 09:40:40 - AES_Enc - DEBUG - insert T_Pets_ProjectStatus fail: errTable: Insert to PetsService.T_Pets_ProjectStatus fail: (1452, 'Cannot add or update a child row: a foreign key constraint fails (`PetsService`.`T_Pets_ProjectStatus`, CONSTRAINT `T_Pets_ProjectStatus_ibfk_1` FOREIGN KEY (`project_id`) REFERENCES `T_Pets_Project` (`project_id`))')
2024/09/27 09:40:40 - AES_Enc - DEBUG - Length_error: 32 characters length.
2024/09/27 09:40:40 - AES_Enc - DEBUG - AES Password is not available.
2024/09/27 09:40:40 - AES_Enc - DEBUG - <class 'Exception'>
2024/09/27 09:40:40 - AES_Enc - DEBUG - AES Password is not available.
2024/09/27 09:40:40 - AES_Enc - DEBUG - 3
2024/09/27 09:40:40 - AES_Enc - DEBUG - error in AES_passwordCheck : AES Password is not available.
2024/09/27 09:40:40 - AES_Enc - DEBUG - errTable_errSC
2024/09/27 09:40:40 - AES_Enc - DEBUG - Mac password ok
2024/09/27 09:40:40 - AES_Enc - DEBUG - AES columns name will be maced: ['ID']
2024/09/27 09:40:40 - AES_Enc - DEBUG - MAC columns name will be maced: []
2024/09/27 09:40:54 - AES_Enc - DEBUG - <class 'configparser.NoOptionError'>
2024/09/27 09:40:54 - AES_Enc - DEBUG - No option 'password' in section: 'Hadoop_information'
2024/09/27 09:40:54 - AES_Enc - DEBUG - <traceback object at 0x73dc7ec26188>
2024/09/27 09:40:54 - AES_Enc - DEBUG - 3
2024/09/27 09:40:54 - AES_Enc - DEBUG - errTable_errReadFromSqlServer()
2024/09/27 09:42:06 - AES_Enc - DEBUG - spark_import_dbName_enc_output
2024/09/27 09:42:06 - AES_Enc - DEBUG - spark_import_projName_enc_output
2024/09/27 09:42:06 - AES_Enc - DEBUG - spark_import_projID_999
2024/09/27 09:42:06 - AES_Enc - DEBUG - MAC_columns_mac:
2024/09/27 09:42:06 - AES_Enc - DEBUG - AES_columns_mac:ID
2024/09/27 09:42:06 - AES_Enc - DEBUG - onlyHash:Y
2024/09/27 09:42:06 - AES_Enc - DEBUG - spark_import_userAccount_deidadmin
2024/09/27 09:42:06 - AES_Enc - DEBUG - spark_import_userId_1
2024/09/27 09:42:06 - AES_Enc - DEBUG - spark_import_service_ip_34.81.119.49
2024/09/27 09:42:06 - AES_Enc - DEBUG - project_cert = eyJwZXRzX3NlcnZpY2VfaXAiOiAiMzQuODEuMTE5LjQ5IiwgInByb2plY3RfbmFtZSI6ICJ0dF85MjciLCAiZW5jX2tleSI6ICJEUG5GMVlIVXlHV01XSnZhNjFmcXYyL1NoR2IzS1hWUXpyOWcvd2xOWk9WclBOUUdRUmhGOTJ6bk1udFVpazhpVFI2TWN4YXo4TzNabERpWGZ5Mmdocmx0Smo2VjJFSnpxdnpqNDI1MWxhcnE0d3NhTUkzTVdPK2dUb2p3WXRqbmRkMWplb1FqQys5cytzMHhnRGxDc3JWOWE3dk5kdkdudFBpTEN1TDVzV25rdUk4a01wR1hFRmVzY011MjRjUlhabnlZS0xZMmQ5Q0lFZms4MmNwUUdmWmdDVWtmc1hHMzl4RFVtWndnamFSU1RPc3FXTTBvUjljRU9oRnJKay9tU24ydWk2K3ZSMXczYTZsbnlWMWVRaXVzT0RZaXBsUGJNQ2lSUnBzSWFSQmJBb2RzYUpEMDNrVldGNVpKU2ExRDhSMGo2VDc3RlJISFBVeWx6YnZZbkE9PSIsICJwcm9qZWN0X2ZvbGRlciI6ICJ0dF85MjciLCAiZ3JvdXBfdHlwZSI6ICJzeXMifQ==
2024/09/27 09:42:06 - AES_Enc - DEBUG - group_type = sys
2024/09/27 09:42:06 - AES_Enc - DEBUG - Mac_hashkey:DPnF1YHUyGWMWJva61fqv2/ShGb3KXVQzr9g/wlNZOVrPNQGQRhF92znMntUik8iTR6Mcxaz8O3ZlDiXfy2ghrltJj6V2EJzqvzj4251larq4wsaMI3MWO+gTojwYtjndd1jeoQjC+9s+s0xgDlCsrV9a7vNdvGntPiLCuL5sWnkuI8kMpGXEFescMu24cRXZnyYKLY2d9CIEfk82cpQGfZgCUkfsXG39xDUmZwgjaRSTOsqWM0oR9cEOhFrJk/mSn2ui6+vR1w3a6lnyV1eQiusODYiplPbMCiRRpsIaRBbAodsaJD03kVWF5ZJSa1D8R0j6T77FRHHPUylzbvYnA==
2024/09/27 09:42:06 - AES_Enc - DEBUG - AES_hashkey:DPnF1YHUyGWMWJva61fqv2/ShGb3KXVQzr9g/wlNZOVrPNQGQRhF92znMntUik8iTR6Mcxaz8O3ZlDiXfy2ghrltJj6V2EJzqvzj4251larq4wsaMI3MWO+gTojwYtjndd1jeoQjC+9s+s0xgDlCsrV9a7vNdvGntPiLCuL5sWnkuI8kMpGXEFescMu24cRXZnyYKLY2d9CIEfk82cpQGfZgCUkfsXG39xDUmZwgjaRSTOsqWM0oR9cEOhFrJk/mSn2ui6+vR1w3a6lnyV1eQiusODYiplPbMCiRRpsIaRBbAodsaJD03kVWF5ZJSa1D8R0j6T77FRHHPUylzbvYnA==
2024/09/27 09:42:06 - AES_Enc - DEBUG - error in dec : Encryption/decryption failed.
2024/09/27 09:42:06 - AES_Enc - DEBUG - err_dec
2024/09/27 09:42:06 - AES_Enc - DEBUG - dec AES key : DPnF1YHUyGWMWJva61fqv2/ShGb3KXVQzr9g/wlNZOVrPNQGQRhF92znMntUik8iTR6Mcxaz8O3ZlDiXfy2ghrltJj6V2EJzqvzj4251larq4wsaMI3MWO+gTojwYtjndd1jeoQjC+9s+s0xgDlCsrV9a7vNdvGntPiLCuL5sWnkuI8kMpGXEFescMu24cRXZnyYKLY2d9CIEfk82cpQGfZgCUkfsXG39xDUmZwgjaRSTOsqWM0oR9cEOhFrJk/mSn2ui6+vR1w3a6lnyV1eQiusODYiplPbMCiRRpsIaRBbAodsaJD03kVWF5ZJSa1D8R0j6T77FRHHPUylzbvYnA==
2024/09/27 09:42:06 - AES_Enc - DEBUG - dec Mac key : DPnF1YHUyGWMWJva61fqv2/ShGb3KXVQzr9g/wlNZOVrPNQGQRhF92znMntUik8iTR6Mcxaz8O3ZlDiXfy2ghrltJj6V2EJzqvzj4251larq4wsaMI3MWO+gTojwYtjndd1jeoQjC+9s+s0xgDlCsrV9a7vNdvGntPiLCuL5sWnkuI8kMpGXEFescMu24cRXZnyYKLY2d9CIEfk82cpQGfZgCUkfsXG39xDUmZwgjaRSTOsqWM0oR9cEOhFrJk/mSn2ui6+vR1w3a6lnyV1eQiusODYiplPbMCiRRpsIaRBbAodsaJD03kVWF5ZJSa1D8R0j6T77FRHHPUylzbvYnA==
2024/09/27 09:42:06 - AES_Enc - DEBUG - projName: tt_927
2024/09/27 09:42:06 - AES_Enc - DEBUG - project_folder: tt_927
2024/09/27 09:42:06 - AES_Enc - DEBUG - pets_service_ip : 34.81.119.49
2024/09/27 09:42:06 - AES_Enc - DEBUG - insert T_Pets_ProjectStatus fail: errTable: Insert to PetsService.T_Pets_ProjectStatus fail: (1452, 'Cannot add or update a child row: a foreign key constraint fails (`PetsService`.`T_Pets_ProjectStatus`, CONSTRAINT `T_Pets_ProjectStatus_ibfk_1` FOREIGN KEY (`project_id`) REFERENCES `T_Pets_Project` (`project_id`))')
2024/09/27 09:42:06 - AES_Enc - DEBUG - Length_error: 32 characters length.
2024/09/27 09:42:06 - AES_Enc - DEBUG - AES Password is not available.
2024/09/27 09:42:06 - AES_Enc - DEBUG - <class 'Exception'>
2024/09/27 09:42:06 - AES_Enc - DEBUG - AES Password is not available.
2024/09/27 09:42:06 - AES_Enc - DEBUG - 3
2024/09/27 09:42:06 - AES_Enc - DEBUG - error in AES_passwordCheck : AES Password is not available.
2024/09/27 09:42:06 - AES_Enc - DEBUG - errTable_errSC
2024/09/27 09:42:06 - AES_Enc - DEBUG - Mac password ok
2024/09/27 09:42:06 - AES_Enc - DEBUG - AES columns name will be maced: ['ID']
2024/09/27 09:42:06 - AES_Enc - DEBUG - MAC columns name will be maced: []
2024/09/27 09:42:21 - AES_Enc - DEBUG - <class 'configparser.NoOptionError'>
2024/09/27 09:42:21 - AES_Enc - DEBUG - No option 'password' in section: 'Hadoop_information'
2024/09/27 09:42:21 - AES_Enc - DEBUG - <traceback object at 0x7002d207a188>
2024/09/27 09:42:21 - AES_Enc - DEBUG - 3
2024/09/27 09:42:21 - AES_Enc - DEBUG - errTable_errReadFromSqlServer()
