2020-02-06 01:39:14,085 INFO org.apache.hadoop.hdfs.server.namenode.SecondaryNameNode: STARTUP_MSG: 
/************************************************************
STARTUP_MSG: Starting SecondaryNameNode
STARTUP_MSG:   host = nodemaster/172.28.1.15
STARTUP_MSG:   args = []
STARTUP_MSG:   version = 2.7.4
STARTUP_MSG:   classpath = /home/hadoop/hadoop/etc/hadoop:/home/hadoop/hadoop/share/hadoop/common/lib/netty-3.6.2.Final.jar:/home/hadoop/hadoop/share/hadoop/common/lib/commons-httpclient-3.1.jar:/home/hadoop/hadoop/share/hadoop/common/lib/commons-io-2.4.jar:/home/hadoop/hadoop/share/hadoop/common/lib/xz-1.0.jar:/home/hadoop/hadoop/share/hadoop/common/lib/commons-digester-1.8.jar:/home/hadoop/hadoop/share/hadoop/common/lib/commons-logging-1.1.3.jar:/home/hadoop/hadoop/share/hadoop/common/lib/hamcrest-core-1.3.jar:/home/hadoop/hadoop/share/hadoop/common/lib/jsr305-3.0.0.jar:/home/hadoop/hadoop/share/hadoop/common/lib/jaxb-api-2.2.2.jar:/home/hadoop/hadoop/share/hadoop/common/lib/guava-11.0.2.jar:/home/hadoop/hadoop/share/hadoop/common/lib/commons-beanutils-1.7.0.jar:/home/hadoop/hadoop/share/hadoop/common/lib/mockito-all-1.8.5.jar:/home/hadoop/hadoop/share/hadoop/common/lib/commons-net-3.1.jar:/home/hadoop/hadoop/share/hadoop/common/lib/curator-framework-2.7.1.jar:/home/hadoop/hadoop/share/hadoop/common/lib/paranamer-2.3.jar:/home/hadoop/hadoop/share/hadoop/common/lib/commons-math3-3.1.1.jar:/home/hadoop/hadoop/share/hadoop/common/lib/log4j-1.2.17.jar:/home/hadoop/hadoop/share/hadoop/common/lib/commons-compress-1.4.1.jar:/home/hadoop/hadoop/share/hadoop/common/lib/jackson-mapper-asl-1.9.13.jar:/home/hadoop/hadoop/share/hadoop/common/lib/jersey-server-1.9.jar:/home/hadoop/hadoop/share/hadoop/common/lib/commons-cli-1.2.jar:/home/hadoop/hadoop/share/hadoop/common/lib/commons-lang-2.6.jar:/home/hadoop/hadoop/share/hadoop/common/lib/apacheds-kerberos-codec-2.0.0-M15.jar:/home/hadoop/hadoop/share/hadoop/common/lib/jsp-api-2.1.jar:/home/hadoop/hadoop/share/hadoop/common/lib/activation-1.1.jar:/home/hadoop/hadoop/share/hadoop/common/lib/jsch-0.1.54.jar:/home/hadoop/hadoop/share/hadoop/common/lib/commons-collections-3.2.2.jar:/home/hadoop/hadoop/share/hadoop/common/lib/jets3t-0.9.0.jar:/home/hadoop/hadoop/share/hadoop/common/lib/commons-codec-1.4.jar:/home/hadoop/hadoop/share/hadoop/common/lib/servlet-api-2.5.jar:/home/hadoop/hadoop/share/hadoop/common/lib/jetty-util-6.1.26.jar:/home/hadoop/hadoop/share/hadoop/common/lib/slf4j-api-1.7.10.jar:/home/hadoop/hadoop/share/hadoop/common/lib/jaxb-impl-2.2.3-1.jar:/home/hadoop/hadoop/share/hadoop/common/lib/commons-configuration-1.6.jar:/home/hadoop/hadoop/share/hadoop/common/lib/zookeeper-3.4.6.jar:/home/hadoop/hadoop/share/hadoop/common/lib/jackson-xc-1.9.13.jar:/home/hadoop/hadoop/share/hadoop/common/lib/api-util-1.0.0-M20.jar:/home/hadoop/hadoop/share/hadoop/common/lib/jettison-1.1.jar:/home/hadoop/hadoop/share/hadoop/common/lib/jackson-core-asl-1.9.13.jar:/home/hadoop/hadoop/share/hadoop/common/lib/asm-3.2.jar:/home/hadoop/hadoop/share/hadoop/common/lib/commons-beanutils-core-1.8.0.jar:/home/hadoop/hadoop/share/hadoop/common/lib/slf4j-log4j12-1.7.10.jar:/home/hadoop/hadoop/share/hadoop/common/lib/snappy-java-1.0.4.1.jar:/home/hadoop/hadoop/share/hadoop/common/lib/gson-2.2.4.jar:/home/hadoop/hadoop/share/hadoop/common/lib/protobuf-java-2.5.0.jar:/home/hadoop/hadoop/share/hadoop/common/lib/httpclient-4.2.5.jar:/home/hadoop/hadoop/share/hadoop/common/lib/hadoop-annotations-2.7.4.jar:/home/hadoop/hadoop/share/hadoop/common/lib/apacheds-i18n-2.0.0-M15.jar:/home/hadoop/hadoop/share/hadoop/common/lib/jersey-json-1.9.jar:/home/hadoop/hadoop/share/hadoop/common/lib/curator-recipes-2.7.1.jar:/home/hadoop/hadoop/share/hadoop/common/lib/curator-client-2.7.1.jar:/home/hadoop/hadoop/share/hadoop/common/lib/jetty-6.1.26.jar:/home/hadoop/hadoop/share/hadoop/common/lib/jackson-jaxrs-1.9.13.jar:/home/hadoop/hadoop/share/hadoop/common/lib/java-xmlbuilder-0.4.jar:/home/hadoop/hadoop/share/hadoop/common/lib/httpcore-4.2.5.jar:/home/hadoop/hadoop/share/hadoop/common/lib/hadoop-auth-2.7.4.jar:/home/hadoop/hadoop/share/hadoop/common/lib/jersey-core-1.9.jar:/home/hadoop/hadoop/share/hadoop/common/lib/avro-1.7.4.jar:/home/hadoop/hadoop/share/hadoop/common/lib/stax-api-1.0-2.jar:/home/hadoop/hadoop/share/hadoop/common/lib/xmlenc-0.52.jar:/home/hadoop/hadoop/share/hadoop/common/lib/junit-4.11.jar:/home/hadoop/hadoop/share/hadoop/common/lib/jetty-sslengine-6.1.26.jar:/home/hadoop/hadoop/share/hadoop/common/lib/htrace-core-3.1.0-incubating.jar:/home/hadoop/hadoop/share/hadoop/common/lib/api-asn1-api-1.0.0-M20.jar:/home/hadoop/hadoop/share/hadoop/common/hadoop-common-2.7.4-tests.jar:/home/hadoop/hadoop/share/hadoop/common/hadoop-common-2.7.4.jar:/home/hadoop/hadoop/share/hadoop/common/hadoop-nfs-2.7.4.jar:/home/hadoop/hadoop/share/hadoop/hdfs:/home/hadoop/hadoop/share/hadoop/hdfs/lib/netty-3.6.2.Final.jar:/home/hadoop/hadoop/share/hadoop/hdfs/lib/commons-io-2.4.jar:/home/hadoop/hadoop/share/hadoop/hdfs/lib/commons-logging-1.1.3.jar:/home/hadoop/hadoop/share/hadoop/hdfs/lib/jsr305-3.0.0.jar:/home/hadoop/hadoop/share/hadoop/hdfs/lib/guava-11.0.2.jar:/home/hadoop/hadoop/share/hadoop/hdfs/lib/log4j-1.2.17.jar:/home/hadoop/hadoop/share/hadoop/hdfs/lib/jackson-mapper-asl-1.9.13.jar:/home/hadoop/hadoop/share/hadoop/hdfs/lib/jersey-server-1.9.jar:/home/hadoop/hadoop/share/hadoop/hdfs/lib/commons-cli-1.2.jar:/home/hadoop/hadoop/share/hadoop/hdfs/lib/commons-lang-2.6.jar:/home/hadoop/hadoop/share/hadoop/hdfs/lib/commons-codec-1.4.jar:/home/hadoop/hadoop/share/hadoop/hdfs/lib/servlet-api-2.5.jar:/home/hadoop/hadoop/share/hadoop/hdfs/lib/jetty-util-6.1.26.jar:/home/hadoop/hadoop/share/hadoop/hdfs/lib/jackson-core-asl-1.9.13.jar:/home/hadoop/hadoop/share/hadoop/hdfs/lib/asm-3.2.jar:/home/hadoop/hadoop/share/hadoop/hdfs/lib/xml-apis-1.3.04.jar:/home/hadoop/hadoop/share/hadoop/hdfs/lib/protobuf-java-2.5.0.jar:/home/hadoop/hadoop/share/hadoop/hdfs/lib/xercesImpl-2.9.1.jar:/home/hadoop/hadoop/share/hadoop/hdfs/lib/netty-all-4.0.23.Final.jar:/home/hadoop/hadoop/share/hadoop/hdfs/lib/commons-daemon-1.0.13.jar:/home/hadoop/hadoop/share/hadoop/hdfs/lib/jetty-6.1.26.jar:/home/hadoop/hadoop/share/hadoop/hdfs/lib/jersey-core-1.9.jar:/home/hadoop/hadoop/share/hadoop/hdfs/lib/leveldbjni-all-1.8.jar:/home/hadoop/hadoop/share/hadoop/hdfs/lib/xmlenc-0.52.jar:/home/hadoop/hadoop/share/hadoop/hdfs/lib/htrace-core-3.1.0-incubating.jar:/home/hadoop/hadoop/share/hadoop/hdfs/hadoop-hdfs-2.7.4-tests.jar:/home/hadoop/hadoop/share/hadoop/hdfs/hadoop-hdfs-2.7.4.jar:/home/hadoop/hadoop/share/hadoop/hdfs/hadoop-hdfs-nfs-2.7.4.jar:/home/hadoop/hadoop/share/hadoop/yarn/lib/netty-3.6.2.Final.jar:/home/hadoop/hadoop/share/hadoop/yarn/lib/commons-io-2.4.jar:/home/hadoop/hadoop/share/hadoop/yarn/lib/xz-1.0.jar:/home/hadoop/hadoop/share/hadoop/yarn/lib/commons-logging-1.1.3.jar:/home/hadoop/hadoop/share/hadoop/yarn/lib/jsr305-3.0.0.jar:/home/hadoop/hadoop/share/hadoop/yarn/lib/guice-servlet-3.0.jar:/home/hadoop/hadoop/share/hadoop/yarn/lib/jaxb-api-2.2.2.jar:/home/hadoop/hadoop/share/hadoop/yarn/lib/guava-11.0.2.jar:/home/hadoop/hadoop/share/hadoop/yarn/lib/log4j-1.2.17.jar:/home/hadoop/hadoop/share/hadoop/yarn/lib/commons-compress-1.4.1.jar:/home/hadoop/hadoop/share/hadoop/yarn/lib/jackson-mapper-asl-1.9.13.jar:/home/hadoop/hadoop/share/hadoop/yarn/lib/jersey-server-1.9.jar:/home/hadoop/hadoop/share/hadoop/yarn/lib/commons-cli-1.2.jar:/home/hadoop/hadoop/share/hadoop/yarn/lib/javax.inject-1.jar:/home/hadoop/hadoop/share/hadoop/yarn/lib/commons-lang-2.6.jar:/home/hadoop/hadoop/share/hadoop/yarn/lib/activation-1.1.jar:/home/hadoop/hadoop/share/hadoop/yarn/lib/commons-collections-3.2.2.jar:/home/hadoop/hadoop/share/hadoop/yarn/lib/commons-codec-1.4.jar:/home/hadoop/hadoop/share/hadoop/yarn/lib/zookeeper-3.4.6-tests.jar:/home/hadoop/hadoop/share/hadoop/yarn/lib/servlet-api-2.5.jar:/home/hadoop/hadoop/share/hadoop/yarn/lib/jetty-util-6.1.26.jar:/home/hadoop/hadoop/share/hadoop/yarn/lib/jaxb-impl-2.2.3-1.jar:/home/hadoop/hadoop/share/hadoop/yarn/lib/zookeeper-3.4.6.jar:/home/hadoop/hadoop/share/hadoop/yarn/lib/jackson-xc-1.9.13.jar:/home/hadoop/hadoop/share/hadoop/yarn/lib/jettison-1.1.jar:/home/hadoop/hadoop/share/hadoop/yarn/lib/jackson-core-asl-1.9.13.jar:/home/hadoop/hadoop/share/hadoop/yarn/lib/aopalliance-1.0.jar:/home/hadoop/hadoop/share/hadoop/yarn/lib/asm-3.2.jar:/home/hadoop/hadoop/share/hadoop/yarn/lib/jersey-client-1.9.jar:/home/hadoop/hadoop/share/hadoop/yarn/lib/protobuf-java-2.5.0.jar:/home/hadoop/hadoop/share/hadoop/yarn/lib/guice-3.0.jar:/home/hadoop/hadoop/share/hadoop/yarn/lib/jersey-json-1.9.jar:/home/hadoop/hadoop/share/hadoop/yarn/lib/jetty-6.1.26.jar:/home/hadoop/hadoop/share/hadoop/yarn/lib/jackson-jaxrs-1.9.13.jar:/home/hadoop/hadoop/share/hadoop/yarn/lib/jersey-core-1.9.jar:/home/hadoop/hadoop/share/hadoop/yarn/lib/stax-api-1.0-2.jar:/home/hadoop/hadoop/share/hadoop/yarn/lib/leveldbjni-all-1.8.jar:/home/hadoop/hadoop/share/hadoop/yarn/lib/jersey-guice-1.9.jar:/home/hadoop/hadoop/share/hadoop/yarn/hadoop-yarn-client-2.7.4.jar:/home/hadoop/hadoop/share/hadoop/yarn/hadoop-yarn-server-web-proxy-2.7.4.jar:/home/hadoop/hadoop/share/hadoop/yarn/hadoop-yarn-api-2.7.4.jar:/home/hadoop/hadoop/share/hadoop/yarn/hadoop-yarn-server-common-2.7.4.jar:/home/hadoop/hadoop/share/hadoop/yarn/hadoop-yarn-server-tests-2.7.4.jar:/home/hadoop/hadoop/share/hadoop/yarn/hadoop-yarn-applications-unmanaged-am-launcher-2.7.4.jar:/home/hadoop/hadoop/share/hadoop/yarn/hadoop-yarn-server-sharedcachemanager-2.7.4.jar:/home/hadoop/hadoop/share/hadoop/yarn/hadoop-yarn-server-applicationhistoryservice-2.7.4.jar:/home/hadoop/hadoop/share/hadoop/yarn/hadoop-yarn-registry-2.7.4.jar:/home/hadoop/hadoop/share/hadoop/yarn/hadoop-yarn-applications-distributedshell-2.7.4.jar:/home/hadoop/hadoop/share/hadoop/yarn/hadoop-yarn-server-nodemanager-2.7.4.jar:/home/hadoop/hadoop/share/hadoop/yarn/hadoop-yarn-common-2.7.4.jar:/home/hadoop/hadoop/share/hadoop/yarn/hadoop-yarn-server-resourcemanager-2.7.4.jar:/home/hadoop/hadoop/share/hadoop/mapreduce/lib/netty-3.6.2.Final.jar:/home/hadoop/hadoop/share/hadoop/mapreduce/lib/commons-io-2.4.jar:/home/hadoop/hadoop/share/hadoop/mapreduce/lib/xz-1.0.jar:/home/hadoop/hadoop/share/hadoop/mapreduce/lib/hamcrest-core-1.3.jar:/home/hadoop/hadoop/share/hadoop/mapreduce/lib/guice-servlet-3.0.jar:/home/hadoop/hadoop/share/hadoop/mapreduce/lib/paranamer-2.3.jar:/home/hadoop/hadoop/share/hadoop/mapreduce/lib/log4j-1.2.17.jar:/home/hadoop/hadoop/share/hadoop/mapreduce/lib/commons-compress-1.4.1.jar:/home/hadoop/hadoop/share/hadoop/mapreduce/lib/jackson-mapper-asl-1.9.13.jar:/home/hadoop/hadoop/share/hadoop/mapreduce/lib/jersey-server-1.9.jar:/home/hadoop/hadoop/share/hadoop/mapreduce/lib/javax.inject-1.jar:/home/hadoop/hadoop/share/hadoop/mapreduce/lib/jackson-core-asl-1.9.13.jar:/home/hadoop/hadoop/share/hadoop/mapreduce/lib/aopalliance-1.0.jar:/home/hadoop/hadoop/share/hadoop/mapreduce/lib/asm-3.2.jar:/home/hadoop/hadoop/share/hadoop/mapreduce/lib/snappy-java-1.0.4.1.jar:/home/hadoop/hadoop/share/hadoop/mapreduce/lib/protobuf-java-2.5.0.jar:/home/hadoop/hadoop/share/hadoop/mapreduce/lib/hadoop-annotations-2.7.4.jar:/home/hadoop/hadoop/share/hadoop/mapreduce/lib/guice-3.0.jar:/home/hadoop/hadoop/share/hadoop/mapreduce/lib/jersey-core-1.9.jar:/home/hadoop/hadoop/share/hadoop/mapreduce/lib/avro-1.7.4.jar:/home/hadoop/hadoop/share/hadoop/mapreduce/lib/leveldbjni-all-1.8.jar:/home/hadoop/hadoop/share/hadoop/mapreduce/lib/jersey-guice-1.9.jar:/home/hadoop/hadoop/share/hadoop/mapreduce/lib/junit-4.11.jar:/home/hadoop/hadoop/share/hadoop/mapreduce/hadoop-mapreduce-client-jobclient-2.7.4.jar:/home/hadoop/hadoop/share/hadoop/mapreduce/hadoop-mapreduce-client-hs-2.7.4.jar:/home/hadoop/hadoop/share/hadoop/mapreduce/hadoop-mapreduce-client-shuffle-2.7.4.jar:/home/hadoop/hadoop/share/hadoop/mapreduce/hadoop-mapreduce-examples-2.7.4.jar:/home/hadoop/hadoop/share/hadoop/mapreduce/hadoop-mapreduce-client-common-2.7.4.jar:/home/hadoop/hadoop/share/hadoop/mapreduce/hadoop-mapreduce-client-jobclient-2.7.4-tests.jar:/home/hadoop/hadoop/share/hadoop/mapreduce/hadoop-mapreduce-client-app-2.7.4.jar:/home/hadoop/hadoop/share/hadoop/mapreduce/hadoop-mapreduce-client-core-2.7.4.jar:/home/hadoop/hadoop/share/hadoop/mapreduce/hadoop-mapreduce-client-hs-plugins-2.7.4.jar:/contrib/capacity-scheduler/*.jar:/home/hadoop/hadoop/contrib/capacity-scheduler/*.jar:/home/hadoop/hadoop/contrib/capacity-scheduler/*.jar
STARTUP_MSG:   build = https://shv@git-wip-us.apache.org/repos/asf/hadoop.git -r cd915e1e8d9d0131462a0b7301586c175728a282; compiled by 'kshvachk' on 2017-08-01T00:29Z
STARTUP_MSG:   java = 1.8.0_232
************************************************************/
2020-02-06 01:39:14,090 INFO org.apache.hadoop.hdfs.server.namenode.SecondaryNameNode: registered UNIX signal handlers for [TERM, HUP, INT]
2020-02-06 01:39:14,375 INFO org.apache.hadoop.metrics2.impl.MetricsConfig: loaded properties from hadoop-metrics2.properties
2020-02-06 01:39:14,410 INFO org.apache.hadoop.metrics2.impl.MetricsSystemImpl: Scheduled snapshot period at 10 second(s).
2020-02-06 01:39:14,410 INFO org.apache.hadoop.metrics2.impl.MetricsSystemImpl: SecondaryNameNode metrics system started
2020-02-06 01:39:14,469 WARN org.apache.hadoop.hdfs.server.common.Util: Path /home/hadoop/data/nameNodeSecondary should be specified as a URI in configuration files. Please update hdfs configuration.
2020-02-06 01:39:14,469 WARN org.apache.hadoop.hdfs.server.common.Util: Path /home/hadoop/data/nameNodeSecondary should be specified as a URI in configuration files. Please update hdfs configuration.
2020-02-06 01:39:14,501 INFO org.apache.hadoop.hdfs.server.common.Storage: Lock on /home/hadoop/data/nameNodeSecondary/in_use.lock acquired by nodename 470@nodemaster
2020-02-06 01:39:14,504 INFO org.apache.hadoop.hdfs.server.namenode.FSNamesystem: No KeyProvider found.
2020-02-06 01:39:14,505 INFO org.apache.hadoop.hdfs.server.namenode.FSNamesystem: fsLock is fair: true
2020-02-06 01:39:14,506 INFO org.apache.hadoop.hdfs.server.namenode.FSNamesystem: Detailed lock hold time metrics enabled: false
2020-02-06 01:39:14,528 INFO org.apache.hadoop.hdfs.server.blockmanagement.DatanodeManager: dfs.block.invalidate.limit=1000
2020-02-06 01:39:14,528 INFO org.apache.hadoop.hdfs.server.blockmanagement.DatanodeManager: dfs.namenode.datanode.registration.ip-hostname-check=false
2020-02-06 01:39:14,528 INFO org.apache.hadoop.hdfs.server.blockmanagement.BlockManager: dfs.namenode.startup.delay.block.deletion.sec is set to 000:00:00:00.000
2020-02-06 01:39:14,529 INFO org.apache.hadoop.hdfs.server.blockmanagement.BlockManager: The block deletion will start around 2020 Feb 06 01:39:14
2020-02-06 01:39:14,530 INFO org.apache.hadoop.util.GSet: Computing capacity for map BlocksMap
2020-02-06 01:39:14,530 INFO org.apache.hadoop.util.GSet: VM type       = 64-bit
2020-02-06 01:39:14,531 INFO org.apache.hadoop.util.GSet: 2.0% max memory 958.5 MB = 19.2 MB
2020-02-06 01:39:14,531 INFO org.apache.hadoop.util.GSet: capacity      = 2^21 = 2097152 entries
2020-02-06 01:39:14,539 INFO org.apache.hadoop.hdfs.server.blockmanagement.BlockManager: dfs.block.access.token.enable=false
2020-02-06 01:39:14,539 INFO org.apache.hadoop.hdfs.server.blockmanagement.BlockManager: defaultReplication         = 2
2020-02-06 01:39:14,539 INFO org.apache.hadoop.hdfs.server.blockmanagement.BlockManager: maxReplication             = 512
2020-02-06 01:39:14,539 INFO org.apache.hadoop.hdfs.server.blockmanagement.BlockManager: minReplication             = 1
2020-02-06 01:39:14,539 INFO org.apache.hadoop.hdfs.server.blockmanagement.BlockManager: maxReplicationStreams      = 2
2020-02-06 01:39:14,539 INFO org.apache.hadoop.hdfs.server.blockmanagement.BlockManager: replicationRecheckInterval = 3000
2020-02-06 01:39:14,539 INFO org.apache.hadoop.hdfs.server.blockmanagement.BlockManager: encryptDataTransfer        = false
2020-02-06 01:39:14,539 INFO org.apache.hadoop.hdfs.server.blockmanagement.BlockManager: maxNumBlocksToLog          = 1000
2020-02-06 01:39:14,540 INFO org.apache.hadoop.hdfs.server.namenode.FSNamesystem: fsOwner             = hadoop (auth:SIMPLE)
2020-02-06 01:39:14,540 INFO org.apache.hadoop.hdfs.server.namenode.FSNamesystem: supergroup          = supergroup
2020-02-06 01:39:14,540 INFO org.apache.hadoop.hdfs.server.namenode.FSNamesystem: isPermissionEnabled = false
2020-02-06 01:39:14,540 INFO org.apache.hadoop.hdfs.server.namenode.FSNamesystem: HA Enabled: false
2020-02-06 01:39:14,541 INFO org.apache.hadoop.hdfs.server.namenode.FSNamesystem: Append Enabled: true
2020-02-06 01:39:14,573 INFO org.apache.hadoop.util.GSet: Computing capacity for map INodeMap
2020-02-06 01:39:14,573 INFO org.apache.hadoop.util.GSet: VM type       = 64-bit
2020-02-06 01:39:14,573 INFO org.apache.hadoop.util.GSet: 1.0% max memory 958.5 MB = 9.6 MB
2020-02-06 01:39:14,573 INFO org.apache.hadoop.util.GSet: capacity      = 2^20 = 1048576 entries
2020-02-06 01:39:14,575 INFO org.apache.hadoop.hdfs.server.namenode.FSDirectory: ACLs enabled? false
2020-02-06 01:39:14,575 INFO org.apache.hadoop.hdfs.server.namenode.FSDirectory: XAttrs enabled? true
2020-02-06 01:39:14,575 INFO org.apache.hadoop.hdfs.server.namenode.FSDirectory: Maximum size of an xattr: 16384
2020-02-06 01:39:14,575 INFO org.apache.hadoop.hdfs.server.namenode.NameNode: Caching file names occuring more than 10 times
2020-02-06 01:39:14,579 INFO org.apache.hadoop.util.GSet: Computing capacity for map cachedBlocks
2020-02-06 01:39:14,579 INFO org.apache.hadoop.util.GSet: VM type       = 64-bit
2020-02-06 01:39:14,579 INFO org.apache.hadoop.util.GSet: 0.25% max memory 958.5 MB = 2.4 MB
2020-02-06 01:39:14,579 INFO org.apache.hadoop.util.GSet: capacity      = 2^18 = 262144 entries
2020-02-06 01:39:14,580 INFO org.apache.hadoop.hdfs.server.namenode.FSNamesystem: dfs.namenode.safemode.threshold-pct = 0.9990000128746033
2020-02-06 01:39:14,580 INFO org.apache.hadoop.hdfs.server.namenode.FSNamesystem: dfs.namenode.safemode.min.datanodes = 0
2020-02-06 01:39:14,580 INFO org.apache.hadoop.hdfs.server.namenode.FSNamesystem: dfs.namenode.safemode.extension     = 30000
2020-02-06 01:39:14,582 INFO org.apache.hadoop.hdfs.server.namenode.top.metrics.TopMetrics: NNTop conf: dfs.namenode.top.window.num.buckets = 10
2020-02-06 01:39:14,582 INFO org.apache.hadoop.hdfs.server.namenode.top.metrics.TopMetrics: NNTop conf: dfs.namenode.top.num.users = 10
2020-02-06 01:39:14,582 INFO org.apache.hadoop.hdfs.server.namenode.top.metrics.TopMetrics: NNTop conf: dfs.namenode.top.windows.minutes = 1,5,25
2020-02-06 01:39:14,588 INFO org.apache.hadoop.hdfs.DFSUtil: Starting Web-server for secondary at: http://nodemaster:50090
2020-02-06 01:39:14,619 INFO org.mortbay.log: Logging to org.slf4j.impl.Log4jLoggerAdapter(org.mortbay.log) via org.mortbay.log.Slf4jLog
2020-02-06 01:39:14,623 INFO org.apache.hadoop.security.authentication.server.AuthenticationFilter: Unable to initialize FileSignerSecretProvider, falling back to use random secrets.
2020-02-06 01:39:14,626 INFO org.apache.hadoop.http.HttpRequestLog: Http request log for http.requests.secondary is not defined
2020-02-06 01:39:14,629 INFO org.apache.hadoop.http.HttpServer2: Added global filter 'safety' (class=org.apache.hadoop.http.HttpServer2$QuotingInputFilter)
2020-02-06 01:39:14,630 INFO org.apache.hadoop.http.HttpServer2: Added filter static_user_filter (class=org.apache.hadoop.http.lib.StaticUserWebFilter$StaticUserFilter) to context secondary
2020-02-06 01:39:14,630 INFO org.apache.hadoop.http.HttpServer2: Added filter static_user_filter (class=org.apache.hadoop.http.lib.StaticUserWebFilter$StaticUserFilter) to context static
2020-02-06 01:39:14,630 INFO org.apache.hadoop.http.HttpServer2: Added filter static_user_filter (class=org.apache.hadoop.http.lib.StaticUserWebFilter$StaticUserFilter) to context logs
2020-02-06 01:39:14,638 INFO org.apache.hadoop.http.HttpServer2: Jetty bound to port 50090
2020-02-06 01:39:14,638 INFO org.mortbay.log: jetty-6.1.26
2020-02-06 01:39:14,707 INFO org.mortbay.log: Started HttpServer2$SelectChannelConnectorWithSafeStartup@nodemaster:50090
2020-02-06 01:39:14,707 INFO org.apache.hadoop.hdfs.server.namenode.SecondaryNameNode: Web server init done
2020-02-06 01:39:14,707 INFO org.apache.hadoop.hdfs.server.namenode.SecondaryNameNode: Checkpoint Period   :3600 secs (60 min)
2020-02-06 01:39:14,707 INFO org.apache.hadoop.hdfs.server.namenode.SecondaryNameNode: Log Size Trigger    :1000000 txns
2020-02-06 01:40:14,924 INFO org.apache.hadoop.hdfs.server.namenode.SecondaryNameNode: Image has changed. Downloading updated image from NN.
2020-02-06 01:40:15,064 INFO org.apache.hadoop.hdfs.server.namenode.TransferFsImage: Opening connection to http://nodemaster:50070/imagetransfer?getimage=1&txid=10864&storageInfo=-63:980763523:0:CID-96bb86c8-ee60-4dd3-9faa-87bcd6548d28
2020-02-06 01:40:15,085 INFO org.apache.hadoop.hdfs.server.namenode.TransferFsImage: Image Transfer timeout configured to 60000 milliseconds
2020-02-06 01:40:15,225 INFO org.apache.hadoop.hdfs.server.namenode.TransferFsImage: Transfer took 0.04s at 83.33 KB/s
2020-02-06 01:40:15,226 INFO org.apache.hadoop.hdfs.server.namenode.TransferFsImage: Downloaded file fsimage.ckpt_0000000000000010864 size 3400 bytes.
2020-02-06 01:40:15,232 INFO org.apache.hadoop.hdfs.server.namenode.TransferFsImage: Opening connection to http://nodemaster:50070/imagetransfer?getedit=1&startTxId=10865&endTxId=10865&storageInfo=-63:980763523:0:CID-96bb86c8-ee60-4dd3-9faa-87bcd6548d28
2020-02-06 01:40:15,241 INFO org.apache.hadoop.hdfs.server.namenode.TransferFsImage: Transfer took 0.01s at 146285.71 KB/s
2020-02-06 01:40:15,241 INFO org.apache.hadoop.hdfs.server.namenode.TransferFsImage: Downloaded file edits_tmp_0000000000000010865-0000000000000010865_0000000000521358041 size 0 bytes.
2020-02-06 01:40:15,241 INFO org.apache.hadoop.hdfs.server.namenode.TransferFsImage: Opening connection to http://nodemaster:50070/imagetransfer?getedit=1&startTxId=10866&endTxId=10866&storageInfo=-63:980763523:0:CID-96bb86c8-ee60-4dd3-9faa-87bcd6548d28
2020-02-06 01:40:15,248 INFO org.apache.hadoop.hdfs.server.namenode.TransferFsImage: Transfer took 0.01s at 170666.67 KB/s
2020-02-06 01:40:15,248 INFO org.apache.hadoop.hdfs.server.namenode.TransferFsImage: Downloaded file edits_tmp_0000000000000010866-0000000000000010866_0000000000521358050 size 0 bytes.
2020-02-06 01:40:15,248 INFO org.apache.hadoop.hdfs.server.namenode.TransferFsImage: Opening connection to http://nodemaster:50070/imagetransfer?getedit=1&startTxId=10867&endTxId=10868&storageInfo=-63:980763523:0:CID-96bb86c8-ee60-4dd3-9faa-87bcd6548d28
2020-02-06 01:40:15,253 INFO org.apache.hadoop.hdfs.server.namenode.TransferFsImage: Transfer took 0.00s at 0.00 KB/s
2020-02-06 01:40:15,253 INFO org.apache.hadoop.hdfs.server.namenode.TransferFsImage: Downloaded file edits_tmp_0000000000000010867-0000000000000010868_0000000000521358057 size 0 bytes.
2020-02-06 01:40:15,272 INFO org.apache.hadoop.hdfs.server.namenode.FSImageFormatPBINode: Loading 44 INodes.
2020-02-06 01:40:15,288 INFO org.apache.hadoop.hdfs.server.namenode.FSImageFormatProtobuf: Loaded FSImage in 0 seconds.
2020-02-06 01:40:15,289 INFO org.apache.hadoop.hdfs.server.namenode.FSImage: Loaded image for txid 10864 from /home/hadoop/data/nameNodeSecondary/current/fsimage_0000000000000010864
2020-02-06 01:40:15,289 INFO org.apache.hadoop.hdfs.server.namenode.NameCache: initialized with 0 entries 0 lookups
2020-02-06 01:40:15,291 INFO org.apache.hadoop.hdfs.server.namenode.Checkpointer: Checkpointer about to load edits from 3 stream(s).
2020-02-06 01:40:15,293 INFO org.apache.hadoop.hdfs.server.namenode.FSImage: Reading /home/hadoop/data/nameNodeSecondary/current/edits_0000000000000010865-0000000000000010865 expecting start txid #10865
2020-02-06 01:40:15,293 INFO org.apache.hadoop.hdfs.server.namenode.FSImage: Start loading edits file /home/hadoop/data/nameNodeSecondary/current/edits_0000000000000010865-0000000000000010865
2020-02-06 01:40:15,301 INFO org.apache.hadoop.hdfs.server.namenode.FSImage: Edits file /home/hadoop/data/nameNodeSecondary/current/edits_0000000000000010865-0000000000000010865 of size 1048576 edits # 1 loaded in 0 seconds
2020-02-06 01:40:15,301 INFO org.apache.hadoop.hdfs.server.namenode.FSImage: Reading /home/hadoop/data/nameNodeSecondary/current/edits_0000000000000010866-0000000000000010866 expecting start txid #10866
2020-02-06 01:40:15,301 INFO org.apache.hadoop.hdfs.server.namenode.FSImage: Start loading edits file /home/hadoop/data/nameNodeSecondary/current/edits_0000000000000010866-0000000000000010866
2020-02-06 01:40:15,301 INFO org.apache.hadoop.hdfs.server.namenode.FSImage: Edits file /home/hadoop/data/nameNodeSecondary/current/edits_0000000000000010866-0000000000000010866 of size 1048576 edits # 1 loaded in 0 seconds
2020-02-06 01:40:15,301 INFO org.apache.hadoop.hdfs.server.namenode.FSImage: Reading /home/hadoop/data/nameNodeSecondary/current/edits_0000000000000010867-0000000000000010868 expecting start txid #10867
2020-02-06 01:40:15,301 INFO org.apache.hadoop.hdfs.server.namenode.FSImage: Start loading edits file /home/hadoop/data/nameNodeSecondary/current/edits_0000000000000010867-0000000000000010868
2020-02-06 01:40:15,301 INFO org.apache.hadoop.hdfs.server.namenode.FSImage: Edits file /home/hadoop/data/nameNodeSecondary/current/edits_0000000000000010867-0000000000000010868 of size 42 edits # 2 loaded in 0 seconds
2020-02-06 01:40:15,305 INFO org.apache.hadoop.hdfs.server.namenode.FSImageFormatProtobuf: Saving image file /home/hadoop/data/nameNodeSecondary/current/fsimage.ckpt_0000000000000010868 using no compression
2020-02-06 01:40:15,331 INFO org.apache.hadoop.hdfs.server.namenode.FSImageFormatProtobuf: Image file /home/hadoop/data/nameNodeSecondary/current/fsimage.ckpt_0000000000000010868 of size 3400 bytes saved in 0 seconds.
2020-02-06 01:40:15,337 INFO org.apache.hadoop.hdfs.server.namenode.FSImageTransactionalStorageInspector: No version file in /home/hadoop/data/nameNodeSecondary
2020-02-06 01:40:15,590 INFO org.apache.hadoop.hdfs.server.namenode.TransferFsImage: Uploaded image with txid 10868 to namenode at http://nodemaster:50070 in 0.231 seconds
2020-02-06 01:40:15,590 WARN org.apache.hadoop.hdfs.server.namenode.SecondaryNameNode: Checkpoint done. New Image Size: 3400
2020-02-06 02:40:16,106 INFO org.apache.hadoop.hdfs.server.namenode.SecondaryNameNode: Image has not changed. Will not download image.
2020-02-06 02:40:16,107 INFO org.apache.hadoop.hdfs.server.namenode.TransferFsImage: Opening connection to http://nodemaster:50070/imagetransfer?getedit=1&startTxId=10869&endTxId=11113&storageInfo=-63:980763523:0:CID-96bb86c8-ee60-4dd3-9faa-87bcd6548d28
2020-02-06 02:40:16,123 INFO org.apache.hadoop.hdfs.server.namenode.TransferFsImage: Transfer took 0.02s at 1733.33 KB/s
2020-02-06 02:40:16,123 INFO org.apache.hadoop.hdfs.server.namenode.TransferFsImage: Downloaded file edits_tmp_0000000000000010869-0000000000000011113_0000000000524958915 size 0 bytes.
2020-02-06 02:40:16,123 INFO org.apache.hadoop.hdfs.server.namenode.Checkpointer: Checkpointer about to load edits from 1 stream(s).
2020-02-06 02:40:16,123 INFO org.apache.hadoop.hdfs.server.namenode.FSImage: Reading /home/hadoop/data/nameNodeSecondary/current/edits_0000000000000010869-0000000000000011113 expecting start txid #10869
2020-02-06 02:40:16,123 INFO org.apache.hadoop.hdfs.server.namenode.FSImage: Start loading edits file /home/hadoop/data/nameNodeSecondary/current/edits_0000000000000010869-0000000000000011113
2020-02-06 02:40:16,157 INFO org.apache.hadoop.hdfs.server.namenode.FSImage: Edits file /home/hadoop/data/nameNodeSecondary/current/edits_0000000000000010869-0000000000000011113 of size 26739 edits # 245 loaded in 0 seconds
2020-02-06 02:40:16,158 INFO org.apache.hadoop.hdfs.server.namenode.FSImageFormatProtobuf: Saving image file /home/hadoop/data/nameNodeSecondary/current/fsimage.ckpt_0000000000000011113 using no compression
2020-02-06 02:40:16,161 INFO org.apache.hadoop.hdfs.server.namenode.FSImageFormatProtobuf: Image file /home/hadoop/data/nameNodeSecondary/current/fsimage.ckpt_0000000000000011113 of size 3785 bytes saved in 0 seconds.
2020-02-06 02:40:16,166 INFO org.apache.hadoop.hdfs.server.namenode.NNStorageRetentionManager: Going to retain 2 images with txid >= 10868
2020-02-06 02:40:16,166 INFO org.apache.hadoop.hdfs.server.namenode.NNStorageRetentionManager: Purging old image FSImageFile(file=/home/hadoop/data/nameNodeSecondary/current/fsimage_0000000000000010864, cpktTxId=0000000000000010864)
2020-02-06 02:40:16,344 INFO org.apache.hadoop.hdfs.server.namenode.TransferFsImage: Uploaded image with txid 11113 to namenode at http://nodemaster:50070 in 0.174 seconds
2020-02-06 02:40:16,344 WARN org.apache.hadoop.hdfs.server.namenode.SecondaryNameNode: Checkpoint done. New Image Size: 3785
