2023-12-19 23:20:54,008 [7] INFO  DeIdWeb_V2_K.Controllers.HomeController - Starting ProjectIndex
 DeIdWeb_V2_K.Controllers.HomeControllername2023-12-19 23:20:55,029 [7] INFO  DeIdWeb_V2_K.Controllers.HomeController - Project : test1234 ,Project_Id :85
 DeIdWeb_V2_K.Controllers.HomeControllername2023-12-19 23:20:55,032 [7] INFO  DeIdWeb_V2_K.Controllers.HomeController - ProjectStatus : 3
 DeIdWeb_V2_K.Controllers.HomeControllername2023-12-19 23:20:55,035 [7] INFO  DeIdWeb_V2_K.Controllers.HomeController - Project : work_drink ,Project_Id :84
 DeIdWeb_V2_K.Controllers.HomeControllername2023-12-19 23:20:55,038 [7] INFO  DeIdWeb_V2_K.Controllers.HomeController - ProjectStatus : 11
 DeIdWeb_V2_K.Controllers.HomeControllername2023-12-19 23:20:55,074 [7] INFO  DeIdWeb_V2_K.Controllers.HomeController - Project : B1 ,Project_Id :82
 DeIdWeb_V2_K.Controllers.HomeControllername2023-12-19 23:20:55,077 [7] INFO  DeIdWeb_V2_K.Controllers.HomeController - ProjectStatus : 11
 DeIdWeb_V2_K.Controllers.HomeControllername2023-12-19 23:20:55,080 [7] INFO  DeIdWeb_V2_K.Controllers.HomeController - Project : A1 ,Project_Id :81
 DeIdWeb_V2_K.Controllers.HomeControllername2023-12-19 23:20:55,083 [7] INFO  DeIdWeb_V2_K.Controllers.HomeController - ProjectStatus : 11
 DeIdWeb_V2_K.Controllers.HomeControllername2023-12-19 23:20:55,086 [7] INFO  DeIdWeb_V2_K.Controllers.HomeController - Project : FrontEnd_1214 ,Project_Id :80
 DeIdWeb_V2_K.Controllers.HomeControllername2023-12-19 23:20:55,089 [7] INFO  DeIdWeb_V2_K.Controllers.HomeController - ProjectStatus : 3
 DeIdWeb_V2_K.Controllers.HomeControllername2023-12-19 23:20:55,091 [7] INFO  DeIdWeb_V2_K.Controllers.HomeController - Project : test1215 ,Project_Id :79
 DeIdWeb_V2_K.Controllers.HomeControllername2023-12-19 23:20:55,094 [7] INFO  DeIdWeb_V2_K.Controllers.HomeController - ProjectStatus : 3
 DeIdWeb_V2_K.Controllers.HomeControllername2023-12-19 23:20:58,788 [12] INFO  DeIdWeb_V2_K.Controllers.ProjectStepController - Step2 return url  :
 DeIdWeb_V2_K.Controllers.ProjectStepControllername2023-12-19 23:20:58,793 [12] INFO  DeIdWeb_V2_K.Controllers.ProjectStepController - Step2 loginname  :
 DeIdWeb_V2_K.Controllers.ProjectStepControllername2023-12-19 23:20:58,838 [12] INFO  DeIdWeb_V2_K.Controllers.ProjectStepController - Step6
 DeIdWeb_V2_K.Controllers.ProjectStepControllername2023-12-19 23:20:58,843 [12] INFO  DeIdWeb_V2_K.Infrastructure.Service.ProjectSample_Service - Project Id :84
 DeIdWeb_V2_K.Infrastructure.Service.ProjectSample_Servicename2023-12-19 23:20:58,846 [12] INFO  DeIdWeb_V2_K.Infrastructure.Service.ProjectSample_Service - SelectProjSampleTB  :select tpst.ps_id,tpst.project_id,tpst.pro_db,tpst.pro_tb,tpst.pro_col_en,tpst.pro_col_cht,tpst.pro_path,tpst.tableCount,tpst.tableDisCount,tpst.minKvalue,tpst.supRate,tpst.supCount,tpst.finaltblName ,tpsd.data,tpsd.kdata,tpsd.distinctCount,tpst.after_col_cht,tpst.after_col_en,tpst.qi_col,tpst.tablekeycol,tpst.after_col_value,tpst.gen_qi_settingvalue,tpst.warning_col,tpst.k_risk,tpst.T1,tpst.T2,tpst.r_value,tpst.max_t from T_Project_SampleTable as tpst inner join T_Project as tp on tpst.project_id = tp.project_id and tpst.pro_db = tp.project_name inner join T_ProjectSampleData as tpsd on tpst.project_id = tpsd.project_id and tpst.pro_db = tpsd.dbname and  tpsd.tbname=tpst.pro_tb where tpst.project_id = @project_id
 DeIdWeb_V2_K.Infrastructure.Service.ProjectSample_Servicename2023-12-19 23:20:58,875 [12] INFO  DeIdWeb_V2_K.Controllers.ProjectStepController - final_html : <tr><td>1000</td><td>561</td><td>439</td><td>43.900000%</td><td>3</td></tr>
 DeIdWeb_V2_K.Controllers.ProjectStepControllername2023-12-19 23:20:58,898 [12] INFO  DeIdWeb_V2_K.Infrastructure.Service.ProjectSample_Service - Project Id :84
 DeIdWeb_V2_K.Infrastructure.Service.ProjectSample_Servicename2023-12-19 23:20:58,902 [12] INFO  DeIdWeb_V2_K.Infrastructure.Service.ProjectSample_Service - SelectProjSampleTB  :select tpst.ps_id,tpst.project_id,tpst.pro_db,tpst.pro_tb,tpst.pro_col_en,tpst.pro_col_cht,tpst.pro_path,tpst.tableCount,tpst.tableDisCount,tpst.minKvalue,tpst.supRate,tpst.supCount,tpst.finaltblName ,tpsd.data,tpsd.kdata,tpsd.distinctCount,tpst.after_col_cht,tpst.after_col_en,tpst.qi_col,tpst.tablekeycol,tpst.after_col_value,tpst.gen_qi_settingvalue,tpst.warning_col,tpst.k_risk,tpst.T1,tpst.T2,tpst.r_value,tpst.max_t from T_Project_SampleTable as tpst inner join T_Project as tp on tpst.project_id = tp.project_id and tpst.pro_db = tp.project_name inner join T_ProjectSampleData as tpsd on tpst.project_id = tpsd.project_id and tpst.pro_db = tpsd.dbname and  tpsd.tbname=tpst.pro_tb where tpst.project_id = @project_id
 DeIdWeb_V2_K.Infrastructure.Service.ProjectSample_Servicename