2024-05-20 18:08:15,810 [5] INFO  DeIdWeb_V2_K.Controllers.HomeController - Starting ProjectIndex
 DeIdWeb_V2_K.Controllers.HomeControllername2024-05-20 18:08:16,867 [5] INFO  DeIdWeb_V2_K.Controllers.HomeController - Project : card_0506 ,Project_Id :13
 DeIdWeb_V2_K.Controllers.HomeControllername2024-05-20 18:08:16,871 [5] INFO  DeIdWeb_V2_K.Controllers.HomeController - ProjectStatus : 9
 DeIdWeb_V2_K.Controllers.HomeControllername2024-05-20 18:08:16,874 [5] INFO  DeIdWeb_V2_K.Controllers.HomeController - Project : adult_0506 ,Project_Id :12
 DeIdWeb_V2_K.Controllers.HomeControllername2024-05-20 18:08:16,876 [5] INFO  DeIdWeb_V2_K.Controllers.HomeController - ProjectStatus : 11
 DeIdWeb_V2_K.Controllers.HomeControllername2024-05-20 18:08:16,880 [5] INFO  DeIdWeb_V2_K.Controllers.HomeController - Project : coupon_0506 ,Project_Id :11
 DeIdWeb_V2_K.Controllers.HomeControllername2024-05-20 18:08:16,882 [5] INFO  DeIdWeb_V2_K.Controllers.HomeController - ProjectStatus : 11
 DeIdWeb_V2_K.Controllers.HomeControllername2024-05-20 18:08:16,885 [5] INFO  DeIdWeb_V2_K.Controllers.HomeController - Project : newcase1_0506 ,Project_Id :9
 DeIdWeb_V2_K.Controllers.HomeControllername2024-05-20 18:08:16,888 [5] INFO  DeIdWeb_V2_K.Controllers.HomeController - ProjectStatus : 11
 DeIdWeb_V2_K.Controllers.HomeControllername2024-05-20 18:08:16,891 [5] INFO  DeIdWeb_V2_K.Controllers.HomeController - Project : newcase1 ,Project_Id :8
 DeIdWeb_V2_K.Controllers.HomeControllername2024-05-20 18:08:16,894 [5] INFO  DeIdWeb_V2_K.Controllers.HomeController - ProjectStatus : 11
 DeIdWeb_V2_K.Controllers.HomeControllername2024-05-20 18:08:16,897 [5] INFO  DeIdWeb_V2_K.Controllers.HomeController - Project : coupon_new ,Project_Id :7
 DeIdWeb_V2_K.Controllers.HomeControllername2024-05-20 18:08:16,900 [5] INFO  DeIdWeb_V2_K.Controllers.HomeController - ProjectStatus : 11
 DeIdWeb_V2_K.Controllers.HomeControllername2024-05-20 18:08:16,902 [5] INFO  DeIdWeb_V2_K.Controllers.HomeController - Project : coupon_0416 ,Project_Id :5
 DeIdWeb_V2_K.Controllers.HomeControllername2024-05-20 18:08:16,905 [5] INFO  DeIdWeb_V2_K.Controllers.HomeController - ProjectStatus : 3
 DeIdWeb_V2_K.Controllers.HomeControllername2024-05-20 18:08:16,908 [5] INFO  DeIdWeb_V2_K.Controllers.HomeController - Project : testcase4 ,Project_Id :4
 DeIdWeb_V2_K.Controllers.HomeControllername2024-05-20 18:08:16,912 [5] INFO  DeIdWeb_V2_K.Controllers.HomeController - ProjectStatus : 11
 DeIdWeb_V2_K.Controllers.HomeControllername2024-05-20 18:08:16,915 [5] INFO  DeIdWeb_V2_K.Controllers.HomeController - Project : testcase2 ,Project_Id :3
 DeIdWeb_V2_K.Controllers.HomeControllername2024-05-20 18:08:16,918 [5] INFO  DeIdWeb_V2_K.Controllers.HomeController - ProjectStatus : 3
 DeIdWeb_V2_K.Controllers.HomeControllername2024-05-20 18:08:16,922 [5] INFO  DeIdWeb_V2_K.Controllers.HomeController - Project : testcase1 ,Project_Id :2
 DeIdWeb_V2_K.Controllers.HomeControllername2024-05-20 18:08:16,925 [5] INFO  DeIdWeb_V2_K.Controllers.HomeController - ProjectStatus : 3
 DeIdWeb_V2_K.Controllers.HomeControllername2024-05-20 18:08:16,929 [5] INFO  DeIdWeb_V2_K.Controllers.HomeController - Project : 2QDataMarketDeId ,Project_Id :1
 DeIdWeb_V2_K.Controllers.HomeControllername2024-05-20 18:08:16,932 [5] INFO  DeIdWeb_V2_K.Controllers.HomeController - ProjectStatus : 1
 DeIdWeb_V2_K.Controllers.HomeControllername2024-05-20 18:08:29,927 [5] INFO  DeIdWeb_V2_K.Controllers.HomeController - Starting ProjectIndex
 DeIdWeb_V2_K.Controllers.HomeControllername2024-05-20 18:08:29,967 [5] INFO  DeIdWeb_V2_K.Controllers.HomeController - Project : card_0506 ,Project_Id :13
 DeIdWeb_V2_K.Controllers.HomeControllername2024-05-20 18:08:29,971 [5] INFO  DeIdWeb_V2_K.Controllers.HomeController - ProjectStatus : 9
 DeIdWeb_V2_K.Controllers.HomeControllername2024-05-20 18:08:29,976 [5] INFO  DeIdWeb_V2_K.Controllers.HomeController - Project : adult_0506 ,Project_Id :12
 DeIdWeb_V2_K.Controllers.HomeControllername2024-05-20 18:08:29,980 [5] INFO  DeIdWeb_V2_K.Controllers.HomeController - ProjectStatus : 11
 DeIdWeb_V2_K.Controllers.HomeControllername2024-05-20 18:08:29,985 [5] INFO  DeIdWeb_V2_K.Controllers.HomeController - Project : coupon_0506 ,Project_Id :11
 DeIdWeb_V2_K.Controllers.HomeControllername2024-05-20 18:08:29,989 [5] INFO  DeIdWeb_V2_K.Controllers.HomeController - ProjectStatus : 11
 DeIdWeb_V2_K.Controllers.HomeControllername2024-05-20 18:08:29,993 [5] INFO  DeIdWeb_V2_K.Controllers.HomeController - Project : newcase1_0506 ,Project_Id :9
 DeIdWeb_V2_K.Controllers.HomeControllername2024-05-20 18:08:29,998 [5] INFO  DeIdWeb_V2_K.Controllers.HomeController - ProjectStatus : 11
 DeIdWeb_V2_K.Controllers.HomeControllername2024-05-20 18:08:30,002 [5] INFO  DeIdWeb_V2_K.Controllers.HomeController - Project : newcase1 ,Project_Id :8
 DeIdWeb_V2_K.Controllers.HomeControllername2024-05-20 18:08:30,007 [5] INFO  DeIdWeb_V2_K.Controllers.HomeController - ProjectStatus : 11
 DeIdWeb_V2_K.Controllers.HomeControllername2024-05-20 18:08:30,011 [5] INFO  DeIdWeb_V2_K.Controllers.HomeController - Project : coupon_new ,Project_Id :7
 DeIdWeb_V2_K.Controllers.HomeControllername2024-05-20 18:08:30,016 [5] INFO  DeIdWeb_V2_K.Controllers.HomeController - ProjectStatus : 11
 DeIdWeb_V2_K.Controllers.HomeControllername2024-05-20 18:08:30,020 [5] INFO  DeIdWeb_V2_K.Controllers.HomeController - Project : coupon_0416 ,Project_Id :5
 DeIdWeb_V2_K.Controllers.HomeControllername2024-05-20 18:08:30,025 [5] INFO  DeIdWeb_V2_K.Controllers.HomeController - ProjectStatus : 3
 DeIdWeb_V2_K.Controllers.HomeControllername2024-05-20 18:08:30,029 [5] INFO  DeIdWeb_V2_K.Controllers.HomeController - Project : testcase4 ,Project_Id :4
 DeIdWeb_V2_K.Controllers.HomeControllername2024-05-20 18:08:30,033 [5] INFO  DeIdWeb_V2_K.Controllers.HomeController - ProjectStatus : 11
 DeIdWeb_V2_K.Controllers.HomeControllername2024-05-20 18:08:30,038 [5] INFO  DeIdWeb_V2_K.Controllers.HomeController - Project : testcase2 ,Project_Id :3
 DeIdWeb_V2_K.Controllers.HomeControllername2024-05-20 18:08:30,042 [5] INFO  DeIdWeb_V2_K.Controllers.HomeController - ProjectStatus : 3
 DeIdWeb_V2_K.Controllers.HomeControllername2024-05-20 18:08:30,046 [5] INFO  DeIdWeb_V2_K.Controllers.HomeController - Project : testcase1 ,Project_Id :2
 DeIdWeb_V2_K.Controllers.HomeControllername2024-05-20 18:08:30,050 [5] INFO  DeIdWeb_V2_K.Controllers.HomeController - ProjectStatus : 3
 DeIdWeb_V2_K.Controllers.HomeControllername2024-05-20 18:08:30,055 [5] INFO  DeIdWeb_V2_K.Controllers.HomeController - Project : 2QDataMarketDeId ,Project_Id :1
 DeIdWeb_V2_K.Controllers.HomeControllername2024-05-20 18:08:30,059 [5] INFO  DeIdWeb_V2_K.Controllers.HomeController - ProjectStatus : 1
 DeIdWeb_V2_K.Controllers.HomeControllername2024-05-20 18:08:32,087 [10] INFO  DeIdWeb_V2_K.Controllers.ProjectStepController - Step2 return url  :
 DeIdWeb_V2_K.Controllers.ProjectStepControllername2024-05-20 18:08:32,092 [10] INFO  DeIdWeb_V2_K.Controllers.ProjectStepController - Step2 loginname  :
 DeIdWeb_V2_K.Controllers.ProjectStepControllername2024-05-20 18:08:32,139 [10] INFO  DeIdWeb_V2_K.Controllers.ProjectStepController - Step6
 DeIdWeb_V2_K.Controllers.ProjectStepControllername2024-05-20 18:08:32,145 [10] INFO  DeIdWeb_V2_K.Infrastructure.Service.ProjectSample_Service - Project Id :13
 DeIdWeb_V2_K.Infrastructure.Service.ProjectSample_Servicename2024-05-20 18:08:32,149 [10] INFO  DeIdWeb_V2_K.Infrastructure.Service.ProjectSample_Service - SelectProjSampleTB  :select tpst.ps_id,tpst.project_id,tpst.pro_db,tpst.pro_tb,tpst.pro_col_en,tpst.pro_col_cht,tpst.pro_path,tpst.tableCount,tpst.tableDisCount,tpst.minKvalue,tpst.supRate,tpst.supCount,tpst.finaltblName ,tpsd.data,tpsd.kdata,tpsd.distinctCount,tpst.after_col_cht,tpst.after_col_en,tpst.qi_col,tpst.tablekeycol,tpst.after_col_value,tpst.gen_qi_settingvalue,tpst.warning_col,tpst.k_risk,tpst.T1,tpst.T2,tpst.r_value,tpst.max_t from T_Project_SampleTable as tpst inner join T_Project as tp on tpst.project_id = tp.project_id and tpst.pro_db = tp.project_name inner join T_ProjectSampleData as tpsd on tpst.project_id = tpsd.project_id and tpst.pro_db = tpsd.dbname and  tpsd.tbname=tpst.pro_tb where tpst.project_id = @project_id
 DeIdWeb_V2_K.Infrastructure.Service.ProjectSample_Servicename2024-05-20 18:08:32,189 [10] INFO  DeIdWeb_V2_K.Controllers.ProjectStepController - final_html : <tr><td>30000</td><td>29927</td><td>73</td><td>0.243300%</td><td>3</td></tr>
 DeIdWeb_V2_K.Controllers.ProjectStepControllername2024-05-20 18:08:32,212 [10] INFO  DeIdWeb_V2_K.Infrastructure.Service.ProjectSample_Service - Project Id :13
 DeIdWeb_V2_K.Infrastructure.Service.ProjectSample_Servicename2024-05-20 18:08:32,218 [10] INFO  DeIdWeb_V2_K.Infrastructure.Service.ProjectSample_Service - SelectProjSampleTB  :select tpst.ps_id,tpst.project_id,tpst.pro_db,tpst.pro_tb,tpst.pro_col_en,tpst.pro_col_cht,tpst.pro_path,tpst.tableCount,tpst.tableDisCount,tpst.minKvalue,tpst.supRate,tpst.supCount,tpst.finaltblName ,tpsd.data,tpsd.kdata,tpsd.distinctCount,tpst.after_col_cht,tpst.after_col_en,tpst.qi_col,tpst.tablekeycol,tpst.after_col_value,tpst.gen_qi_settingvalue,tpst.warning_col,tpst.k_risk,tpst.T1,tpst.T2,tpst.r_value,tpst.max_t from T_Project_SampleTable as tpst inner join T_Project as tp on tpst.project_id = tp.project_id and tpst.pro_db = tp.project_name inner join T_ProjectSampleData as tpsd on tpst.project_id = tpsd.project_id and tpst.pro_db = tpsd.dbname and  tpsd.tbname=tpst.pro_tb where tpst.project_id = @project_id
 DeIdWeb_V2_K.Infrastructure.Service.ProjectSample_Servicename2024-05-20 18:08:35,427 [9] INFO  DeIdWeb_V2_K.Controllers.ProjectStepController - Step2 return url  :
 DeIdWeb_V2_K.Controllers.ProjectStepControllername2024-05-20 18:08:35,433 [9] INFO  DeIdWeb_V2_K.Controllers.ProjectStepController - Step2 loginname  :
 DeIdWeb_V2_K.Controllers.ProjectStepControllername2024-05-20 18:08:35,458 [9] INFO  DeIdWeb_V2_K.Infrastructure.Service.ProjectSample_Service - Project Id :13
 DeIdWeb_V2_K.Infrastructure.Service.ProjectSample_Servicename2024-05-20 18:08:35,463 [9] INFO  DeIdWeb_V2_K.Infrastructure.Service.ProjectSample_Service - SelectProjSampleTB  :select tpst.ps_id,tpst.project_id,tpst.pro_db,tpst.pro_tb,tpst.pro_col_en,tpst.pro_col_cht,tpst.pro_path,tpst.tableCount,tpst.tableDisCount,tpst.minKvalue,tpst.supRate,tpst.supCount,tpst.finaltblName ,tpsd.data,tpsd.kdata,tpsd.distinctCount,tpst.after_col_cht,tpst.after_col_en,tpst.qi_col,tpst.tablekeycol,tpst.after_col_value,tpst.gen_qi_settingvalue,tpst.warning_col,tpst.k_risk,tpst.T1,tpst.T2,tpst.r_value,tpst.max_t from T_Project_SampleTable as tpst inner join T_Project as tp on tpst.project_id = tp.project_id and tpst.pro_db = tp.project_name inner join T_ProjectSampleData as tpsd on tpst.project_id = tpsd.project_id and tpst.pro_db = tpsd.dbname and  tpsd.tbname=tpst.pro_tb where tpst.project_id = @project_id
 DeIdWeb_V2_K.Infrastructure.Service.ProjectSample_Servicename2024-05-20 18:08:35,486 [9] INFO  DeIdWeb_V2_K.Controllers.ProjectStepController - Step2 DataRow Count :1
 DeIdWeb_V2_K.Controllers.ProjectStepControllername2024-05-20 18:08:35,643 [5] INFO  DeIdWeb_V2_K.Controllers.WebAPIController - WebAPI GetqicolData 
 DeIdWeb_V2_K.Controllers.WebAPIControllername2024-05-20 18:08:35,648 [5] INFO  DeIdWeb_V2_K.Controllers.WebAPIController - pid 13
 DeIdWeb_V2_K.Controllers.WebAPIControllername2024-05-20 18:08:35,654 [5] INFO  DeIdWeb_V2_K.Controllers.WebAPIController - pname card_0506
 DeIdWeb_V2_K.Controllers.WebAPIControllername2024-05-20 18:08:35,659 [5] INFO  DeIdWeb_V2_K.Infrastructure.Service.ProjectSample_Service - Project Id :13
 DeIdWeb_V2_K.Infrastructure.Service.ProjectSample_Servicename2024-05-20 18:08:35,664 [5] INFO  DeIdWeb_V2_K.Infrastructure.Service.ProjectSample_Service - SelectProjSampleTB  :select tpst.ps_id,tpst.project_id,tpst.pro_db,tpst.pro_tb,tpst.pro_col_en,tpst.pro_col_cht,tpst.pro_path,tpst.tableCount,tpst.tableDisCount,tpst.minKvalue,tpst.supRate,tpst.supCount,tpst.finaltblName ,tpsd.data,tpsd.kdata,tpsd.distinctCount,tpst.after_col_cht,tpst.after_col_en,tpst.qi_col,tpst.tablekeycol,tpst.after_col_value,tpst.gen_qi_settingvalue,tpst.warning_col,tpst.k_risk,tpst.T1,tpst.T2,tpst.r_value,tpst.max_t from T_Project_SampleTable as tpst inner join T_Project as tp on tpst.project_id = tp.project_id and tpst.pro_db = tp.project_name inner join T_ProjectSampleData as tpsd on tpst.project_id = tpsd.project_id and tpst.pro_db = tpsd.dbname and  tpsd.tbname=tpst.pro_tb where tpst.project_id = @project_id
 DeIdWeb_V2_K.Infrastructure.Service.ProjectSample_Servicename2024-05-20 18:10:14,132 [5] INFO  DeIdWeb_V2_K.Controllers.ProjectStepController - Step2 return url  :
 DeIdWeb_V2_K.Controllers.ProjectStepControllername2024-05-20 18:10:14,147 [5] INFO  DeIdWeb_V2_K.Controllers.ProjectStepController - Step2 loginname  :
 DeIdWeb_V2_K.Controllers.ProjectStepControllername2024-05-20 18:10:14,191 [5] INFO  DeIdWeb_V2_K.Infrastructure.Service.ProjectSample_Service - Project Id :13
 DeIdWeb_V2_K.Infrastructure.Service.ProjectSample_Servicename2024-05-20 18:10:14,196 [5] INFO  DeIdWeb_V2_K.Infrastructure.Service.ProjectSample_Service - SelectProjSampleTB  :select tpst.ps_id,tpst.project_id,tpst.pro_db,tpst.pro_tb,tpst.pro_col_en,tpst.pro_col_cht,tpst.pro_path,tpst.tableCount,tpst.tableDisCount,tpst.minKvalue,tpst.supRate,tpst.supCount,tpst.finaltblName ,tpsd.data,tpsd.kdata,tpsd.distinctCount,tpst.after_col_cht,tpst.after_col_en,tpst.qi_col,tpst.tablekeycol,tpst.after_col_value,tpst.gen_qi_settingvalue,tpst.warning_col,tpst.k_risk,tpst.T1,tpst.T2,tpst.r_value,tpst.max_t from T_Project_SampleTable as tpst inner join T_Project as tp on tpst.project_id = tp.project_id and tpst.pro_db = tp.project_name inner join T_ProjectSampleData as tpsd on tpst.project_id = tpsd.project_id and tpst.pro_db = tpsd.dbname and  tpsd.tbname=tpst.pro_tb where tpst.project_id = @project_id
 DeIdWeb_V2_K.Infrastructure.Service.ProjectSample_Servicename2024-05-20 18:10:14,225 [5] INFO  DeIdWeb_V2_K.Controllers.ProjectStepController - Step2 DataRow Count :1
 DeIdWeb_V2_K.Controllers.ProjectStepControllername2024-05-20 18:10:14,704 [4] INFO  DeIdWeb_V2_K.Controllers.WebAPIController - WebAPI GetqicolData 
 DeIdWeb_V2_K.Controllers.WebAPIControllername2024-05-20 18:10:14,710 [4] INFO  DeIdWeb_V2_K.Controllers.WebAPIController - pid 13
 DeIdWeb_V2_K.Controllers.WebAPIControllername2024-05-20 18:10:14,715 [4] INFO  DeIdWeb_V2_K.Controllers.WebAPIController - pname card_0506
 DeIdWeb_V2_K.Controllers.WebAPIControllername2024-05-20 18:10:14,719 [4] INFO  DeIdWeb_V2_K.Infrastructure.Service.ProjectSample_Service - Project Id :13
 DeIdWeb_V2_K.Infrastructure.Service.ProjectSample_Servicename2024-05-20 18:10:14,724 [4] INFO  DeIdWeb_V2_K.Infrastructure.Service.ProjectSample_Service - SelectProjSampleTB  :select tpst.ps_id,tpst.project_id,tpst.pro_db,tpst.pro_tb,tpst.pro_col_en,tpst.pro_col_cht,tpst.pro_path,tpst.tableCount,tpst.tableDisCount,tpst.minKvalue,tpst.supRate,tpst.supCount,tpst.finaltblName ,tpsd.data,tpsd.kdata,tpsd.distinctCount,tpst.after_col_cht,tpst.after_col_en,tpst.qi_col,tpst.tablekeycol,tpst.after_col_value,tpst.gen_qi_settingvalue,tpst.warning_col,tpst.k_risk,tpst.T1,tpst.T2,tpst.r_value,tpst.max_t from T_Project_SampleTable as tpst inner join T_Project as tp on tpst.project_id = tp.project_id and tpst.pro_db = tp.project_name inner join T_ProjectSampleData as tpsd on tpst.project_id = tpsd.project_id and tpst.pro_db = tpsd.dbname and  tpsd.tbname=tpst.pro_tb where tpst.project_id = @project_id
 DeIdWeb_V2_K.Infrastructure.Service.ProjectSample_Servicename2024-05-20 18:11:27,971 [4] INFO  DeIdWeb_V2_K.Controllers.ProjectStepController - Step2 return url  :
 DeIdWeb_V2_K.Controllers.ProjectStepControllername2024-05-20 18:11:27,985 [4] INFO  DeIdWeb_V2_K.Controllers.ProjectStepController - Step2 loginname  :
 DeIdWeb_V2_K.Controllers.ProjectStepControllername2024-05-20 18:11:28,027 [4] INFO  DeIdWeb_V2_K.Infrastructure.Service.ProjectSample_Service - Project Id :13
 DeIdWeb_V2_K.Infrastructure.Service.ProjectSample_Servicename2024-05-20 18:11:28,032 [4] INFO  DeIdWeb_V2_K.Infrastructure.Service.ProjectSample_Service - SelectProjSampleTB  :select tpst.ps_id,tpst.project_id,tpst.pro_db,tpst.pro_tb,tpst.pro_col_en,tpst.pro_col_cht,tpst.pro_path,tpst.tableCount,tpst.tableDisCount,tpst.minKvalue,tpst.supRate,tpst.supCount,tpst.finaltblName ,tpsd.data,tpsd.kdata,tpsd.distinctCount,tpst.after_col_cht,tpst.after_col_en,tpst.qi_col,tpst.tablekeycol,tpst.after_col_value,tpst.gen_qi_settingvalue,tpst.warning_col,tpst.k_risk,tpst.T1,tpst.T2,tpst.r_value,tpst.max_t from T_Project_SampleTable as tpst inner join T_Project as tp on tpst.project_id = tp.project_id and tpst.pro_db = tp.project_name inner join T_ProjectSampleData as tpsd on tpst.project_id = tpsd.project_id and tpst.pro_db = tpsd.dbname and  tpsd.tbname=tpst.pro_tb where tpst.project_id = @project_id
 DeIdWeb_V2_K.Infrastructure.Service.ProjectSample_Servicename2024-05-20 18:11:28,059 [4] INFO  DeIdWeb_V2_K.Controllers.ProjectStepController - Step2 DataRow Count :1
 DeIdWeb_V2_K.Controllers.ProjectStepControllername2024-05-20 18:11:28,510 [5] INFO  DeIdWeb_V2_K.Controllers.WebAPIController - WebAPI GetqicolData 
 DeIdWeb_V2_K.Controllers.WebAPIControllername2024-05-20 18:11:28,515 [5] INFO  DeIdWeb_V2_K.Controllers.WebAPIController - pid 13
 DeIdWeb_V2_K.Controllers.WebAPIControllername2024-05-20 18:11:28,520 [5] INFO  DeIdWeb_V2_K.Controllers.WebAPIController - pname card_0506
 DeIdWeb_V2_K.Controllers.WebAPIControllername2024-05-20 18:11:28,525 [5] INFO  DeIdWeb_V2_K.Infrastructure.Service.ProjectSample_Service - Project Id :13
 DeIdWeb_V2_K.Infrastructure.Service.ProjectSample_Servicename2024-05-20 18:11:28,530 [5] INFO  DeIdWeb_V2_K.Infrastructure.Service.ProjectSample_Service - SelectProjSampleTB  :select tpst.ps_id,tpst.project_id,tpst.pro_db,tpst.pro_tb,tpst.pro_col_en,tpst.pro_col_cht,tpst.pro_path,tpst.tableCount,tpst.tableDisCount,tpst.minKvalue,tpst.supRate,tpst.supCount,tpst.finaltblName ,tpsd.data,tpsd.kdata,tpsd.distinctCount,tpst.after_col_cht,tpst.after_col_en,tpst.qi_col,tpst.tablekeycol,tpst.after_col_value,tpst.gen_qi_settingvalue,tpst.warning_col,tpst.k_risk,tpst.T1,tpst.T2,tpst.r_value,tpst.max_t from T_Project_SampleTable as tpst inner join T_Project as tp on tpst.project_id = tp.project_id and tpst.pro_db = tp.project_name inner join T_ProjectSampleData as tpsd on tpst.project_id = tpsd.project_id and tpst.pro_db = tpsd.dbname and  tpsd.tbname=tpst.pro_tb where tpst.project_id = @project_id
 DeIdWeb_V2_K.Infrastructure.Service.ProjectSample_Servicename2024-05-20 18:11:49,112 [5] INFO  DeIdWeb_V2_K.Controllers.ProjectStepController - Step2 return url  :
 DeIdWeb_V2_K.Controllers.ProjectStepControllername2024-05-20 18:11:49,119 [5] INFO  DeIdWeb_V2_K.Controllers.ProjectStepController - Step2 loginname  :
 DeIdWeb_V2_K.Controllers.ProjectStepControllername2024-05-20 18:11:49,124 [5] INFO  DeIdWeb_V2_K.Controllers.ProjectStepController - Project Id :13
 DeIdWeb_V2_K.Controllers.ProjectStepControllername2024-05-20 18:11:49,129 [5] INFO  DeIdWeb_V2_K.Controllers.ProjectStepController - Project Name :card_0506
 DeIdWeb_V2_K.Controllers.ProjectStepControllername2024-05-20 18:11:49,135 [5] INFO  DeIdWeb_V2_K.Controllers.ProjectStepController - Step3 return url  :
 DeIdWeb_V2_K.Controllers.ProjectStepControllername2024-05-20 18:11:49,139 [5] INFO  DeIdWeb_V2_K.Infrastructure.Service.ProjectSample_Service - Project Id :13
 DeIdWeb_V2_K.Infrastructure.Service.ProjectSample_Servicename2024-05-20 18:11:49,144 [5] INFO  DeIdWeb_V2_K.Infrastructure.Service.ProjectSample_Service - SelectProjSampleTB  :select tpst.ps_id,tpst.project_id,tpst.pro_db,tpst.pro_tb,tpst.pro_col_en,tpst.pro_col_cht,tpst.pro_path,tpst.tableCount,tpst.tableDisCount,tpst.minKvalue,tpst.supRate,tpst.supCount,tpst.finaltblName ,tpsd.data,tpsd.kdata,tpsd.distinctCount,tpst.after_col_cht,tpst.after_col_en,tpst.qi_col,tpst.tablekeycol,tpst.after_col_value,tpst.gen_qi_settingvalue,tpst.warning_col,tpst.k_risk,tpst.T1,tpst.T2,tpst.r_value,tpst.max_t from T_Project_SampleTable as tpst inner join T_Project as tp on tpst.project_id = tp.project_id and tpst.pro_db = tp.project_name inner join T_ProjectSampleData as tpsd on tpst.project_id = tpsd.project_id and tpst.pro_db = tpsd.dbname and  tpsd.tbname=tpst.pro_tb where tpst.project_id = @project_id
 DeIdWeb_V2_K.Infrastructure.Service.ProjectSample_Servicename2024-05-20 18:12:03,236 [9] INFO  DeIdWeb_V2_K.Controllers.HomeController - Starting ProjectIndex
 DeIdWeb_V2_K.Controllers.HomeControllername2024-05-20 18:12:03,363 [9] INFO  DeIdWeb_V2_K.Controllers.HomeController - Project : card_0506 ,Project_Id :13
 DeIdWeb_V2_K.Controllers.HomeControllername2024-05-20 18:12:03,369 [9] INFO  DeIdWeb_V2_K.Controllers.HomeController - ProjectStatus : 11
 DeIdWeb_V2_K.Controllers.HomeControllername2024-05-20 18:12:03,375 [9] INFO  DeIdWeb_V2_K.Controllers.HomeController - Project : adult_0506 ,Project_Id :12
 DeIdWeb_V2_K.Controllers.HomeControllername2024-05-20 18:12:03,380 [9] INFO  DeIdWeb_V2_K.Controllers.HomeController - ProjectStatus : 11
 DeIdWeb_V2_K.Controllers.HomeControllername2024-05-20 18:12:03,385 [9] INFO  DeIdWeb_V2_K.Controllers.HomeController - Project : coupon_0506 ,Project_Id :11
 DeIdWeb_V2_K.Controllers.HomeControllername2024-05-20 18:12:03,390 [9] INFO  DeIdWeb_V2_K.Controllers.HomeController - ProjectStatus : 11
 DeIdWeb_V2_K.Controllers.HomeControllername2024-05-20 18:12:03,395 [9] INFO  DeIdWeb_V2_K.Controllers.HomeController - Project : newcase1_0506 ,Project_Id :9
 DeIdWeb_V2_K.Controllers.HomeControllername2024-05-20 18:12:03,400 [9] INFO  DeIdWeb_V2_K.Controllers.HomeController - ProjectStatus : 11
 DeIdWeb_V2_K.Controllers.HomeControllername2024-05-20 18:12:03,406 [9] INFO  DeIdWeb_V2_K.Controllers.HomeController - Project : newcase1 ,Project_Id :8
 DeIdWeb_V2_K.Controllers.HomeControllername2024-05-20 18:12:03,411 [9] INFO  DeIdWeb_V2_K.Controllers.HomeController - ProjectStatus : 11
 DeIdWeb_V2_K.Controllers.HomeControllername2024-05-20 18:12:03,416 [9] INFO  DeIdWeb_V2_K.Controllers.HomeController - Project : coupon_new ,Project_Id :7
 DeIdWeb_V2_K.Controllers.HomeControllername2024-05-20 18:12:03,421 [9] INFO  DeIdWeb_V2_K.Controllers.HomeController - ProjectStatus : 11
 DeIdWeb_V2_K.Controllers.HomeControllername2024-05-20 18:12:03,426 [9] INFO  DeIdWeb_V2_K.Controllers.HomeController - Project : coupon_0416 ,Project_Id :5
 DeIdWeb_V2_K.Controllers.HomeControllername2024-05-20 18:12:03,431 [9] INFO  DeIdWeb_V2_K.Controllers.HomeController - ProjectStatus : 3
 DeIdWeb_V2_K.Controllers.HomeControllername2024-05-20 18:12:03,436 [9] INFO  DeIdWeb_V2_K.Controllers.HomeController - Project : testcase4 ,Project_Id :4
 DeIdWeb_V2_K.Controllers.HomeControllername2024-05-20 18:12:03,441 [9] INFO  DeIdWeb_V2_K.Controllers.HomeController - ProjectStatus : 11
 DeIdWeb_V2_K.Controllers.HomeControllername2024-05-20 18:12:03,446 [9] INFO  DeIdWeb_V2_K.Controllers.HomeController - Project : testcase2 ,Project_Id :3
 DeIdWeb_V2_K.Controllers.HomeControllername2024-05-20 18:12:03,451 [9] INFO  DeIdWeb_V2_K.Controllers.HomeController - ProjectStatus : 3
 DeIdWeb_V2_K.Controllers.HomeControllername2024-05-20 18:12:03,455 [9] INFO  DeIdWeb_V2_K.Controllers.HomeController - Project : testcase1 ,Project_Id :2
 DeIdWeb_V2_K.Controllers.HomeControllername2024-05-20 18:12:03,460 [9] INFO  DeIdWeb_V2_K.Controllers.HomeController - ProjectStatus : 3
 DeIdWeb_V2_K.Controllers.HomeControllername2024-05-20 18:12:03,465 [9] INFO  DeIdWeb_V2_K.Controllers.HomeController - Project : 2QDataMarketDeId ,Project_Id :1
 DeIdWeb_V2_K.Controllers.HomeControllername2024-05-20 18:12:03,470 [9] INFO  DeIdWeb_V2_K.Controllers.HomeController - ProjectStatus : 1
 DeIdWeb_V2_K.Controllers.HomeControllername2024-05-20 18:12:07,269 [5] INFO  DeIdWeb_V2_K.Controllers.ProjectStepController - Step2 return url  :
 DeIdWeb_V2_K.Controllers.ProjectStepControllername2024-05-20 18:12:07,275 [5] INFO  DeIdWeb_V2_K.Controllers.ProjectStepController - Step2 loginname  :
 DeIdWeb_V2_K.Controllers.ProjectStepControllername2024-05-20 18:12:07,298 [5] INFO  DeIdWeb_V2_K.Infrastructure.Service.ProjectSample_Service - Project Id :3
 DeIdWeb_V2_K.Infrastructure.Service.ProjectSample_Servicename2024-05-20 18:12:07,303 [5] INFO  DeIdWeb_V2_K.Infrastructure.Service.ProjectSample_Service - SelectProjSampleTB  :select tpst.ps_id,tpst.project_id,tpst.pro_db,tpst.pro_tb,tpst.pro_col_en,tpst.pro_col_cht,tpst.pro_path,tpst.tableCount,tpst.tableDisCount,tpst.minKvalue,tpst.supRate,tpst.supCount,tpst.finaltblName ,tpsd.data,tpsd.kdata,tpsd.distinctCount,tpst.after_col_cht,tpst.after_col_en,tpst.qi_col,tpst.tablekeycol,tpst.after_col_value,tpst.gen_qi_settingvalue,tpst.warning_col,tpst.k_risk,tpst.T1,tpst.T2,tpst.r_value,tpst.max_t from T_Project_SampleTable as tpst inner join T_Project as tp on tpst.project_id = tp.project_id and tpst.pro_db = tp.project_name inner join T_ProjectSampleData as tpsd on tpst.project_id = tpsd.project_id and tpst.pro_db = tpsd.dbname and  tpsd.tbname=tpst.pro_tb where tpst.project_id = @project_id
 DeIdWeb_V2_K.Infrastructure.Service.ProjectSample_Servicename2024-05-20 18:12:07,326 [5] INFO  DeIdWeb_V2_K.Controllers.ProjectStepController - Step2 DataRow Count :1
 DeIdWeb_V2_K.Controllers.ProjectStepControllername2024-05-20 18:12:07,451 [4] INFO  DeIdWeb_V2_K.Controllers.WebAPIController - WebAPI GetqicolData 
 DeIdWeb_V2_K.Controllers.WebAPIControllername2024-05-20 18:12:07,457 [4] INFO  DeIdWeb_V2_K.Controllers.WebAPIController - pid 3
 DeIdWeb_V2_K.Controllers.WebAPIControllername2024-05-20 18:12:07,463 [4] INFO  DeIdWeb_V2_K.Controllers.WebAPIController - pname testcase2
 DeIdWeb_V2_K.Controllers.WebAPIControllername2024-05-20 18:12:07,468 [4] INFO  DeIdWeb_V2_K.Infrastructure.Service.ProjectSample_Service - Project Id :3
 DeIdWeb_V2_K.Infrastructure.Service.ProjectSample_Servicename2024-05-20 18:12:07,474 [4] INFO  DeIdWeb_V2_K.Infrastructure.Service.ProjectSample_Service - SelectProjSampleTB  :select tpst.ps_id,tpst.project_id,tpst.pro_db,tpst.pro_tb,tpst.pro_col_en,tpst.pro_col_cht,tpst.pro_path,tpst.tableCount,tpst.tableDisCount,tpst.minKvalue,tpst.supRate,tpst.supCount,tpst.finaltblName ,tpsd.data,tpsd.kdata,tpsd.distinctCount,tpst.after_col_cht,tpst.after_col_en,tpst.qi_col,tpst.tablekeycol,tpst.after_col_value,tpst.gen_qi_settingvalue,tpst.warning_col,tpst.k_risk,tpst.T1,tpst.T2,tpst.r_value,tpst.max_t from T_Project_SampleTable as tpst inner join T_Project as tp on tpst.project_id = tp.project_id and tpst.pro_db = tp.project_name inner join T_ProjectSampleData as tpsd on tpst.project_id = tpsd.project_id and tpst.pro_db = tpsd.dbname and  tpsd.tbname=tpst.pro_tb where tpst.project_id = @project_id
 DeIdWeb_V2_K.Infrastructure.Service.ProjectSample_Servicename2024-05-20 18:12:09,341 [10] INFO  DeIdWeb_V2_K.Controllers.WebAPIController - UpdateColumnMsg API
 DeIdWeb_V2_K.Controllers.WebAPIControllername2024-05-20 18:12:09,347 [10] INFO  DeIdWeb_V2_K.Controllers.WebAPIController - UpdateColumnMsg API selectvaluecol :testcase2_inner*3,1,4,4,1,4,4,1,4,4,4,2,4,2,4,2,0,0,0,0,0,0,0,0,0,0,0,0,0,0,0
 DeIdWeb_V2_K.Controllers.WebAPIControllername2024-05-20 18:12:09,352 [10] INFO  DeIdWeb_V2_K.Controllers.WebAPIController - 儲存欄位設定 :testcase2_inner*3,1,4,4,1,4,4,1,4,4,4,2,4,2,4,2,0,0,0,0,0,0,0,0,0,0,0,0,0,0,0
 DeIdWeb_V2_K.Controllers.WebAPIControllername2024-05-20 18:12:09,356 [10] INFO  DeIdWeb_V2_K.Controllers.WebAPIController - 資料集名稱 :testcase2_inner
 DeIdWeb_V2_K.Controllers.WebAPIControllername2024-05-20 18:12:09,381 [10] INFO  DeIdWeb_V2_K.Controllers.WebAPIController - 間接識別欄位 :age_sys_w1_adult_test_enc
 DeIdWeb_V2_K.Controllers.WebAPIControllername2024-05-20 18:12:09,387 [10] INFO  DeIdWeb_V2_K.Controllers.WebAPIController - 間接識別欄位 :education_sys_w1_adult_test_enc
 DeIdWeb_V2_K.Controllers.WebAPIControllername2024-05-20 18:12:09,392 [10] INFO  DeIdWeb_V2_K.Controllers.WebAPIController - 間接識別欄位 :occupation_sys_w1_adult_test_enc
 DeIdWeb_V2_K.Controllers.WebAPIControllername2024-05-20 18:12:09,397 [10] INFO  DeIdWeb_V2_K.Controllers.WebAPIController - 敏感欄位 :capital-gain_sys_w1_adult_test_enc
 DeIdWeb_V2_K.Controllers.WebAPIControllername2024-05-20 18:12:09,402 [10] INFO  DeIdWeb_V2_K.Controllers.WebAPIController - 敏感欄位 :hours-per-week_sys_w1_adult_test_enc
 DeIdWeb_V2_K.Controllers.WebAPIControllername2024-05-20 18:12:09,407 [10] INFO  DeIdWeb_V2_K.Controllers.WebAPIController - 敏感欄位 :income_sys_w1_adult_test_enc
 DeIdWeb_V2_K.Controllers.WebAPIControllername2024-05-20 18:12:09,413 [10] INFO  DeIdWeb_V2_K.Controllers.WebAPIController - pid :3
 DeIdWeb_V2_K.Controllers.WebAPIControllername2024-05-20 18:12:09,419 [10] INFO  DeIdWeb_V2_K.Controllers.WebAPIController - pro_tb :testcase2_inner
 DeIdWeb_V2_K.Controllers.WebAPIControllername2024-05-20 18:12:09,425 [10] INFO  DeIdWeb_V2_K.Controllers.WebAPIController - chose_col_en :c_7849_0,c_7849_1,c_7849_2,c_7849_3,c_7849_4,c_7849_5,c_7849_6,c_7849_7,c_7849_8,c_7849_9,c_7849_10,c_7849_11,c_7849_12,c_7849_13,c_7849_14,c_7849_15
 DeIdWeb_V2_K.Controllers.WebAPIControllername2024-05-20 18:12:09,432 [10] INFO  DeIdWeb_V2_K.Controllers.WebAPIController - chose_col_cht :ID_sys_w1_adult_test_enc,age_sys_w1_adult_test_enc,workclass_sys_w1_adult_test_enc,fnlwgt_sys_w1_adult_test_enc,education_sys_w1_adult_test_enc,education-num_sys_w1_adult_test_enc,marital-status_sys_w1_adult_test_enc,occupation_sys_w1_adult_test_enc,relationship_sys_w1_adult_test_enc,race_sys_w1_adult_test_enc,sex_sys_w1_adult_test_enc,capital-gain_sys_w1_adult_test_enc,capital-loss_sys_w1_adult_test_enc,hours-per-week_sys_w1_adult_test_enc,native-country_sys_w1_adult_test_enc,income_sys_w1_adult_test_enc
 DeIdWeb_V2_K.Controllers.WebAPIControllername2024-05-20 18:12:09,437 [10] INFO  DeIdWeb_V2_K.Controllers.WebAPIController - chose_col_qi :age_sys_w1_adult_test_enc-1,education_sys_w1_adult_test_enc-1,occupation_sys_w1_adult_test_enc-1,capital-gain_sys_w1_adult_test_enc-2,hours-per-week_sys_w1_adult_test_enc-2,income_sys_w1_adult_test_enc-2
 DeIdWeb_V2_K.Controllers.WebAPIControllername2024-05-20 18:12:09,443 [10] INFO  DeIdWeb_V2_K.Controllers.WebAPIController - tablekey :ID_sys_w1_adult_test_enc
 DeIdWeb_V2_K.Controllers.WebAPIControllername2024-05-20 18:12:09,447 [10] INFO  DeIdWeb_V2_K.Controllers.WebAPIController - chose_col_value :3,1,4,4,1,4,4,1,4,4,4,2,4,2,4,2
 DeIdWeb_V2_K.Controllers.WebAPIControllername2024-05-20 18:12:09,452 [10] INFO  DeIdWeb_V2_K.Controllers.WebAPIController - final_gen_setting_value :testcase2_inner*5,7,7,4,5,7*10,0,0,千,5,0
 DeIdWeb_V2_K.Controllers.WebAPIControllername2024-05-20 18:12:09,456 [10] INFO  DeIdWeb_V2_K.Controllers.WebAPIController - tbcols :3,1,4,4,1,4,4,1,4,4,4,2,4,2,4,2,0,0,0,0,0,0,0,0,0,0,0,0,0,0,0
 DeIdWeb_V2_K.Controllers.WebAPIControllername2024-05-20 18:12:09,502 [10] INFO  DeIdWeb_V2_K.Controllers.WebAPIController - update status 3 概化規則
 DeIdWeb_V2_K.Controllers.WebAPIControllername2024-05-20 18:12:09,527 [4] INFO  DeIdWeb_V2_K.Controllers.ProjectStepController - Step2 return url  :
 DeIdWeb_V2_K.Controllers.ProjectStepControllername2024-05-20 18:12:09,533 [4] INFO  DeIdWeb_V2_K.Controllers.ProjectStepController - Step2 loginname  :
 DeIdWeb_V2_K.Controllers.ProjectStepControllername2024-05-20 18:12:09,539 [4] INFO  DeIdWeb_V2_K.Controllers.ProjectStepController - Project Id :3
 DeIdWeb_V2_K.Controllers.ProjectStepControllername2024-05-20 18:12:09,545 [4] INFO  DeIdWeb_V2_K.Controllers.ProjectStepController - Project Name :testcase2
 DeIdWeb_V2_K.Controllers.ProjectStepControllername2024-05-20 18:12:09,550 [4] INFO  DeIdWeb_V2_K.Controllers.ProjectStepController - Step3 return url  :
 DeIdWeb_V2_K.Controllers.ProjectStepControllername2024-05-20 18:12:09,555 [4] INFO  DeIdWeb_V2_K.Infrastructure.Service.ProjectSample_Service - Project Id :3
 DeIdWeb_V2_K.Infrastructure.Service.ProjectSample_Servicename2024-05-20 18:12:09,560 [4] INFO  DeIdWeb_V2_K.Infrastructure.Service.ProjectSample_Service - SelectProjSampleTB  :select tpst.ps_id,tpst.project_id,tpst.pro_db,tpst.pro_tb,tpst.pro_col_en,tpst.pro_col_cht,tpst.pro_path,tpst.tableCount,tpst.tableDisCount,tpst.minKvalue,tpst.supRate,tpst.supCount,tpst.finaltblName ,tpsd.data,tpsd.kdata,tpsd.distinctCount,tpst.after_col_cht,tpst.after_col_en,tpst.qi_col,tpst.tablekeycol,tpst.after_col_value,tpst.gen_qi_settingvalue,tpst.warning_col,tpst.k_risk,tpst.T1,tpst.T2,tpst.r_value,tpst.max_t from T_Project_SampleTable as tpst inner join T_Project as tp on tpst.project_id = tp.project_id and tpst.pro_db = tp.project_name inner join T_ProjectSampleData as tpsd on tpst.project_id = tpsd.project_id and tpst.pro_db = tpsd.dbname and  tpsd.tbname=tpst.pro_tb where tpst.project_id = @project_id
 DeIdWeb_V2_K.Infrastructure.Service.ProjectSample_Servicename2024-05-20 21:14:13,364 [6] INFO  DeIdWeb_V2_K.Controllers.HomeController - Starting ProjectIndex
 DeIdWeb_V2_K.Controllers.HomeControllername2024-05-20 21:14:14,278 [6] INFO  DeIdWeb_V2_K.Controllers.HomeController - Project : card_0506 ,Project_Id :13
 DeIdWeb_V2_K.Controllers.HomeControllername2024-05-20 21:14:14,284 [6] INFO  DeIdWeb_V2_K.Controllers.HomeController - ProjectStatus : 11
 DeIdWeb_V2_K.Controllers.HomeControllername2024-05-20 21:14:14,289 [6] INFO  DeIdWeb_V2_K.Controllers.HomeController - Project : adult_0506 ,Project_Id :12
 DeIdWeb_V2_K.Controllers.HomeControllername2024-05-20 21:14:14,294 [6] INFO  DeIdWeb_V2_K.Controllers.HomeController - ProjectStatus : 11
 DeIdWeb_V2_K.Controllers.HomeControllername2024-05-20 21:14:14,298 [6] INFO  DeIdWeb_V2_K.Controllers.HomeController - Project : coupon_0506 ,Project_Id :11
 DeIdWeb_V2_K.Controllers.HomeControllername2024-05-20 21:14:14,302 [6] INFO  DeIdWeb_V2_K.Controllers.HomeController - ProjectStatus : 11
 DeIdWeb_V2_K.Controllers.HomeControllername2024-05-20 21:14:14,307 [6] INFO  DeIdWeb_V2_K.Controllers.HomeController - Project : newcase1_0506 ,Project_Id :9
 DeIdWeb_V2_K.Controllers.HomeControllername2024-05-20 21:14:14,312 [6] INFO  DeIdWeb_V2_K.Controllers.HomeController - ProjectStatus : 11
 DeIdWeb_V2_K.Controllers.HomeControllername2024-05-20 21:14:14,317 [6] INFO  DeIdWeb_V2_K.Controllers.HomeController - Project : newcase1 ,Project_Id :8
 DeIdWeb_V2_K.Controllers.HomeControllername2024-05-20 21:14:14,322 [6] INFO  DeIdWeb_V2_K.Controllers.HomeController - ProjectStatus : 11
 DeIdWeb_V2_K.Controllers.HomeControllername2024-05-20 21:14:14,327 [6] INFO  DeIdWeb_V2_K.Controllers.HomeController - Project : coupon_new ,Project_Id :7
 DeIdWeb_V2_K.Controllers.HomeControllername2024-05-20 21:14:14,331 [6] INFO  DeIdWeb_V2_K.Controllers.HomeController - ProjectStatus : 11
 DeIdWeb_V2_K.Controllers.HomeControllername2024-05-20 21:14:14,336 [6] INFO  DeIdWeb_V2_K.Controllers.HomeController - Project : coupon_0416 ,Project_Id :5
 DeIdWeb_V2_K.Controllers.HomeControllername2024-05-20 21:14:14,341 [6] INFO  DeIdWeb_V2_K.Controllers.HomeController - ProjectStatus : 3
 DeIdWeb_V2_K.Controllers.HomeControllername2024-05-20 21:14:14,345 [6] INFO  DeIdWeb_V2_K.Controllers.HomeController - Project : testcase4 ,Project_Id :4
 DeIdWeb_V2_K.Controllers.HomeControllername2024-05-20 21:14:14,349 [6] INFO  DeIdWeb_V2_K.Controllers.HomeController - ProjectStatus : 11
 DeIdWeb_V2_K.Controllers.HomeControllername2024-05-20 21:14:14,354 [6] INFO  DeIdWeb_V2_K.Controllers.HomeController - Project : testcase2 ,Project_Id :3
 DeIdWeb_V2_K.Controllers.HomeControllername2024-05-20 21:14:14,358 [6] INFO  DeIdWeb_V2_K.Controllers.HomeController - ProjectStatus : 4
 DeIdWeb_V2_K.Controllers.HomeControllername2024-05-20 21:14:14,363 [6] INFO  DeIdWeb_V2_K.Controllers.HomeController - Project : testcase1 ,Project_Id :2
 DeIdWeb_V2_K.Controllers.HomeControllername2024-05-20 21:14:14,368 [6] INFO  DeIdWeb_V2_K.Controllers.HomeController - ProjectStatus : 3
 DeIdWeb_V2_K.Controllers.HomeControllername2024-05-20 21:14:14,374 [6] INFO  DeIdWeb_V2_K.Controllers.HomeController - Project : 2QDataMarketDeId ,Project_Id :1
 DeIdWeb_V2_K.Controllers.HomeControllername2024-05-20 21:14:14,379 [6] INFO  DeIdWeb_V2_K.Controllers.HomeController - ProjectStatus : 1
 DeIdWeb_V2_K.Controllers.HomeControllername2024-05-20 21:14:16,938 [6] INFO  DeIdWeb_V2_K.Controllers.ProjectStepController - Step2 return url  :
 DeIdWeb_V2_K.Controllers.ProjectStepControllername2024-05-20 21:14:16,944 [6] INFO  DeIdWeb_V2_K.Controllers.ProjectStepController - Step2 loginname  :
 DeIdWeb_V2_K.Controllers.ProjectStepControllername2024-05-20 21:14:16,992 [6] INFO  DeIdWeb_V2_K.Controllers.ProjectStepController - Step6
 DeIdWeb_V2_K.Controllers.ProjectStepControllername2024-05-20 21:14:16,999 [6] INFO  DeIdWeb_V2_K.Infrastructure.Service.ProjectSample_Service - Project Id :13
 DeIdWeb_V2_K.Infrastructure.Service.ProjectSample_Servicename2024-05-20 21:14:17,005 [6] INFO  DeIdWeb_V2_K.Infrastructure.Service.ProjectSample_Service - SelectProjSampleTB  :select tpst.ps_id,tpst.project_id,tpst.pro_db,tpst.pro_tb,tpst.pro_col_en,tpst.pro_col_cht,tpst.pro_path,tpst.tableCount,tpst.tableDisCount,tpst.minKvalue,tpst.supRate,tpst.supCount,tpst.finaltblName ,tpsd.data,tpsd.kdata,tpsd.distinctCount,tpst.after_col_cht,tpst.after_col_en,tpst.qi_col,tpst.tablekeycol,tpst.after_col_value,tpst.gen_qi_settingvalue,tpst.warning_col,tpst.k_risk,tpst.T1,tpst.T2,tpst.r_value,tpst.max_t from T_Project_SampleTable as tpst inner join T_Project as tp on tpst.project_id = tp.project_id and tpst.pro_db = tp.project_name inner join T_ProjectSampleData as tpsd on tpst.project_id = tpsd.project_id and tpst.pro_db = tpsd.dbname and  tpsd.tbname=tpst.pro_tb where tpst.project_id = @project_id
 DeIdWeb_V2_K.Infrastructure.Service.ProjectSample_Servicename2024-05-20 21:14:17,034 [6] INFO  DeIdWeb_V2_K.Controllers.ProjectStepController - final_html : <tr><td>30000</td><td>29927</td><td>73</td><td>0.243300%</td><td>3</td></tr>
 DeIdWeb_V2_K.Controllers.ProjectStepControllername2024-05-20 21:14:17,059 [6] INFO  DeIdWeb_V2_K.Infrastructure.Service.ProjectSample_Service - Project Id :13
 DeIdWeb_V2_K.Infrastructure.Service.ProjectSample_Servicename2024-05-20 21:14:17,065 [6] INFO  DeIdWeb_V2_K.Infrastructure.Service.ProjectSample_Service - SelectProjSampleTB  :select tpst.ps_id,tpst.project_id,tpst.pro_db,tpst.pro_tb,tpst.pro_col_en,tpst.pro_col_cht,tpst.pro_path,tpst.tableCount,tpst.tableDisCount,tpst.minKvalue,tpst.supRate,tpst.supCount,tpst.finaltblName ,tpsd.data,tpsd.kdata,tpsd.distinctCount,tpst.after_col_cht,tpst.after_col_en,tpst.qi_col,tpst.tablekeycol,tpst.after_col_value,tpst.gen_qi_settingvalue,tpst.warning_col,tpst.k_risk,tpst.T1,tpst.T2,tpst.r_value,tpst.max_t from T_Project_SampleTable as tpst inner join T_Project as tp on tpst.project_id = tp.project_id and tpst.pro_db = tp.project_name inner join T_ProjectSampleData as tpsd on tpst.project_id = tpsd.project_id and tpst.pro_db = tpsd.dbname and  tpsd.tbname=tpst.pro_tb where tpst.project_id = @project_id
 DeIdWeb_V2_K.Infrastructure.Service.ProjectSample_Servicename2024-05-20 21:26:54,380 [4] INFO  DeIdWeb_V2_K.Controllers.ProjectStepController - Step2 return url  :
 DeIdWeb_V2_K.Controllers.ProjectStepControllername2024-05-20 21:26:54,395 [4] INFO  DeIdWeb_V2_K.Controllers.ProjectStepController - Step2 loginname  :
 DeIdWeb_V2_K.Controllers.ProjectStepControllername2024-05-20 21:26:54,791 [4] INFO  DeIdWeb_V2_K.Controllers.ProjectStepController - Step6
 DeIdWeb_V2_K.Controllers.ProjectStepControllername2024-05-20 21:26:54,798 [4] INFO  DeIdWeb_V2_K.Infrastructure.Service.ProjectSample_Service - Project Id :13
 DeIdWeb_V2_K.Infrastructure.Service.ProjectSample_Servicename2024-05-20 21:26:54,803 [4] INFO  DeIdWeb_V2_K.Infrastructure.Service.ProjectSample_Service - SelectProjSampleTB  :select tpst.ps_id,tpst.project_id,tpst.pro_db,tpst.pro_tb,tpst.pro_col_en,tpst.pro_col_cht,tpst.pro_path,tpst.tableCount,tpst.tableDisCount,tpst.minKvalue,tpst.supRate,tpst.supCount,tpst.finaltblName ,tpsd.data,tpsd.kdata,tpsd.distinctCount,tpst.after_col_cht,tpst.after_col_en,tpst.qi_col,tpst.tablekeycol,tpst.after_col_value,tpst.gen_qi_settingvalue,tpst.warning_col,tpst.k_risk,tpst.T1,tpst.T2,tpst.r_value,tpst.max_t from T_Project_SampleTable as tpst inner join T_Project as tp on tpst.project_id = tp.project_id and tpst.pro_db = tp.project_name inner join T_ProjectSampleData as tpsd on tpst.project_id = tpsd.project_id and tpst.pro_db = tpsd.dbname and  tpsd.tbname=tpst.pro_tb where tpst.project_id = @project_id
 DeIdWeb_V2_K.Infrastructure.Service.ProjectSample_Servicename2024-05-20 21:26:54,852 [4] INFO  DeIdWeb_V2_K.Controllers.ProjectStepController - final_html : <tr><td>30000</td><td>29927</td><td>73</td><td>0.243300%</td><td>3</td></tr>
 DeIdWeb_V2_K.Controllers.ProjectStepControllername2024-05-20 21:26:55,299 [4] INFO  DeIdWeb_V2_K.Infrastructure.Service.ProjectSample_Service - Project Id :13
 DeIdWeb_V2_K.Infrastructure.Service.ProjectSample_Servicename2024-05-20 21:26:55,305 [4] INFO  DeIdWeb_V2_K.Infrastructure.Service.ProjectSample_Service - SelectProjSampleTB  :select tpst.ps_id,tpst.project_id,tpst.pro_db,tpst.pro_tb,tpst.pro_col_en,tpst.pro_col_cht,tpst.pro_path,tpst.tableCount,tpst.tableDisCount,tpst.minKvalue,tpst.supRate,tpst.supCount,tpst.finaltblName ,tpsd.data,tpsd.kdata,tpsd.distinctCount,tpst.after_col_cht,tpst.after_col_en,tpst.qi_col,tpst.tablekeycol,tpst.after_col_value,tpst.gen_qi_settingvalue,tpst.warning_col,tpst.k_risk,tpst.T1,tpst.T2,tpst.r_value,tpst.max_t from T_Project_SampleTable as tpst inner join T_Project as tp on tpst.project_id = tp.project_id and tpst.pro_db = tp.project_name inner join T_ProjectSampleData as tpsd on tpst.project_id = tpsd.project_id and tpst.pro_db = tpsd.dbname and  tpsd.tbname=tpst.pro_tb where tpst.project_id = @project_id
 DeIdWeb_V2_K.Infrastructure.Service.ProjectSample_Servicename2024-05-20 21:32:34,091 [5] INFO  DeIdWeb_V2_K.Controllers.ProjectStepController - Step2 return url  :
 DeIdWeb_V2_K.Controllers.ProjectStepControllername2024-05-20 21:32:34,107 [5] INFO  DeIdWeb_V2_K.Controllers.ProjectStepController - Step2 loginname  :
 DeIdWeb_V2_K.Controllers.ProjectStepControllername2024-05-20 21:32:34,156 [5] INFO  DeIdWeb_V2_K.Controllers.ProjectStepController - Step6
 DeIdWeb_V2_K.Controllers.ProjectStepControllername2024-05-20 21:32:34,163 [5] INFO  DeIdWeb_V2_K.Infrastructure.Service.ProjectSample_Service - Project Id :13
 DeIdWeb_V2_K.Infrastructure.Service.ProjectSample_Servicename2024-05-20 21:32:34,169 [5] INFO  DeIdWeb_V2_K.Infrastructure.Service.ProjectSample_Service - SelectProjSampleTB  :select tpst.ps_id,tpst.project_id,tpst.pro_db,tpst.pro_tb,tpst.pro_col_en,tpst.pro_col_cht,tpst.pro_path,tpst.tableCount,tpst.tableDisCount,tpst.minKvalue,tpst.supRate,tpst.supCount,tpst.finaltblName ,tpsd.data,tpsd.kdata,tpsd.distinctCount,tpst.after_col_cht,tpst.after_col_en,tpst.qi_col,tpst.tablekeycol,tpst.after_col_value,tpst.gen_qi_settingvalue,tpst.warning_col,tpst.k_risk,tpst.T1,tpst.T2,tpst.r_value,tpst.max_t from T_Project_SampleTable as tpst inner join T_Project as tp on tpst.project_id = tp.project_id and tpst.pro_db = tp.project_name inner join T_ProjectSampleData as tpsd on tpst.project_id = tpsd.project_id and tpst.pro_db = tpsd.dbname and  tpsd.tbname=tpst.pro_tb where tpst.project_id = @project_id
 DeIdWeb_V2_K.Infrastructure.Service.ProjectSample_Servicename2024-05-20 21:32:34,198 [5] INFO  DeIdWeb_V2_K.Controllers.ProjectStepController - final_html : <tr><td>30000</td><td>29927</td><td>73</td><td>0.243300%</td><td>3</td></tr>
 DeIdWeb_V2_K.Controllers.ProjectStepControllername2024-05-20 21:32:34,222 [5] INFO  DeIdWeb_V2_K.Infrastructure.Service.ProjectSample_Service - Project Id :13
 DeIdWeb_V2_K.Infrastructure.Service.ProjectSample_Servicename2024-05-20 21:32:34,229 [5] INFO  DeIdWeb_V2_K.Infrastructure.Service.ProjectSample_Service - SelectProjSampleTB  :select tpst.ps_id,tpst.project_id,tpst.pro_db,tpst.pro_tb,tpst.pro_col_en,tpst.pro_col_cht,tpst.pro_path,tpst.tableCount,tpst.tableDisCount,tpst.minKvalue,tpst.supRate,tpst.supCount,tpst.finaltblName ,tpsd.data,tpsd.kdata,tpsd.distinctCount,tpst.after_col_cht,tpst.after_col_en,tpst.qi_col,tpst.tablekeycol,tpst.after_col_value,tpst.gen_qi_settingvalue,tpst.warning_col,tpst.k_risk,tpst.T1,tpst.T2,tpst.r_value,tpst.max_t from T_Project_SampleTable as tpst inner join T_Project as tp on tpst.project_id = tp.project_id and tpst.pro_db = tp.project_name inner join T_ProjectSampleData as tpsd on tpst.project_id = tpsd.project_id and tpst.pro_db = tpsd.dbname and  tpsd.tbname=tpst.pro_tb where tpst.project_id = @project_id
 DeIdWeb_V2_K.Infrastructure.Service.ProjectSample_Servicename2024-05-20 21:34:57,286 [5] INFO  DeIdWeb_V2_K.Controllers.ProjectStepController - Step2 return url  :
 DeIdWeb_V2_K.Controllers.ProjectStepControllername2024-05-20 21:34:57,307 [5] INFO  DeIdWeb_V2_K.Controllers.ProjectStepController - Step2 loginname  :
 DeIdWeb_V2_K.Controllers.ProjectStepControllername2024-05-20 21:34:57,369 [5] INFO  DeIdWeb_V2_K.Controllers.ProjectStepController - Step6
 DeIdWeb_V2_K.Controllers.ProjectStepControllername2024-05-20 21:34:57,378 [5] INFO  DeIdWeb_V2_K.Infrastructure.Service.ProjectSample_Service - Project Id :13
 DeIdWeb_V2_K.Infrastructure.Service.ProjectSample_Servicename2024-05-20 21:34:57,384 [5] INFO  DeIdWeb_V2_K.Infrastructure.Service.ProjectSample_Service - SelectProjSampleTB  :select tpst.ps_id,tpst.project_id,tpst.pro_db,tpst.pro_tb,tpst.pro_col_en,tpst.pro_col_cht,tpst.pro_path,tpst.tableCount,tpst.tableDisCount,tpst.minKvalue,tpst.supRate,tpst.supCount,tpst.finaltblName ,tpsd.data,tpsd.kdata,tpsd.distinctCount,tpst.after_col_cht,tpst.after_col_en,tpst.qi_col,tpst.tablekeycol,tpst.after_col_value,tpst.gen_qi_settingvalue,tpst.warning_col,tpst.k_risk,tpst.T1,tpst.T2,tpst.r_value,tpst.max_t from T_Project_SampleTable as tpst inner join T_Project as tp on tpst.project_id = tp.project_id and tpst.pro_db = tp.project_name inner join T_ProjectSampleData as tpsd on tpst.project_id = tpsd.project_id and tpst.pro_db = tpsd.dbname and  tpsd.tbname=tpst.pro_tb where tpst.project_id = @project_id
 DeIdWeb_V2_K.Infrastructure.Service.ProjectSample_Servicename2024-05-20 21:34:57,417 [5] INFO  DeIdWeb_V2_K.Controllers.ProjectStepController - final_html : <tr><td>30000</td><td>29927</td><td>73</td><td>0.243300%</td><td>3</td></tr>
 DeIdWeb_V2_K.Controllers.ProjectStepControllername2024-05-20 21:34:57,447 [5] INFO  DeIdWeb_V2_K.Infrastructure.Service.ProjectSample_Service - Project Id :13
 DeIdWeb_V2_K.Infrastructure.Service.ProjectSample_Servicename2024-05-20 21:34:57,456 [5] INFO  DeIdWeb_V2_K.Infrastructure.Service.ProjectSample_Service - SelectProjSampleTB  :select tpst.ps_id,tpst.project_id,tpst.pro_db,tpst.pro_tb,tpst.pro_col_en,tpst.pro_col_cht,tpst.pro_path,tpst.tableCount,tpst.tableDisCount,tpst.minKvalue,tpst.supRate,tpst.supCount,tpst.finaltblName ,tpsd.data,tpsd.kdata,tpsd.distinctCount,tpst.after_col_cht,tpst.after_col_en,tpst.qi_col,tpst.tablekeycol,tpst.after_col_value,tpst.gen_qi_settingvalue,tpst.warning_col,tpst.k_risk,tpst.T1,tpst.T2,tpst.r_value,tpst.max_t from T_Project_SampleTable as tpst inner join T_Project as tp on tpst.project_id = tp.project_id and tpst.pro_db = tp.project_name inner join T_ProjectSampleData as tpsd on tpst.project_id = tpsd.project_id and tpst.pro_db = tpsd.dbname and  tpsd.tbname=tpst.pro_tb where tpst.project_id = @project_id
 DeIdWeb_V2_K.Infrastructure.Service.ProjectSample_Servicename